This file contains any messages produced by compilers while
running configure, to aid debugging if configure makes a mistake.

It was created by libdwarf configure 20190112, which was
generated by GNU Autoconf 2.69.  Invocation command line was

  $ ./configure --prefix=/home/chenfeiyu/firesim-run/target-design/chipyard/riscv-tools-install --enable-shared --disable-static CFLAGS=-g -I/home/chenfeiyu/firesim-run/target-design/chipyard/riscv-tools-install/include LDFLAGS=-L/home/chenfeiyu/firesim-run/target-design/chipyard/riscv-tools-install/lib

## --------- ##
## Platform. ##
## --------- ##

hostname = ict-RH2288H-V3
uname -m = x86_64
uname -r = 4.15.0-142-generic
uname -s = Linux
uname -v = #146~16.04.1-Ubuntu SMP Tue Apr 13 09:27:15 UTC 2021

/usr/bin/uname -p = unknown
/bin/uname -X     = unknown

/bin/arch              = unknown
/usr/bin/arch -k       = unknown
/usr/convex/getsysinfo = unknown
/usr/bin/hostinfo      = unknown
/bin/machine           = unknown
/usr/bin/oslevel       = unknown
/bin/universe          = unknown

PATH: /home/chenfeiyu/firesim-run/target-design/chipyard/riscv-tools-install/bin
PATH: /home/chenfeiyu/firesim-run/target-design/chipyard/software/firemarshal
PATH: /home/chenfeiyu/firesim-run/target-design/chipyard/bin
PATH: /home/chenfeiyu/firesim-run/target-design/chipyard/riscv-tools-install/bin
PATH: /home/chenfeiyu/firesim-run/target-design/chipyard/software/firemarshal
PATH: /home/chenfeiyu/firesim-run/target-design/chipyard/bin
PATH: /home/chenfeiyu/firesim-run/target-design/chipyard/software/firemarshal
PATH: /home/chenfeiyu/firesim-run/target-design/chipyard/bin
PATH: /home/changyisong/firesim/target-design/chipyard/riscv-tools-install/bin
PATH: /home/chenfeiyu/firesim-run/target-design/chipyard/software/firemarshal
PATH: /home/chenfeiyu/firesim-run/target-design/chipyard/bin
PATH: /home/chenfeiyu/firesim-run/target-design/chipyard/software/firemarshal
PATH: /home/chenfeiyu/firesim-run/target-design/chipyard/bin
PATH: /home/chenfeiyu/firesim-run/target-design/chipyard/software/firemarshal
PATH: /home/chenfeiyu/firesim-run/target-design/chipyard/bin
PATH: /home/chenfeiyu/firesim-run/target-design/chipyard/software/firemarshal
PATH: /home/chenfeiyu/firesim-run/target-design/chipyard/bin
PATH: /home/chenfeiyu/firesim-run/target-design/chipyard/software/firemarshal
PATH: /home/chenfeiyu/firesim-run/target-design/chipyard/bin
PATH: /home/chenfeiyu/firesim-run/target-design/chipyard/riscv-tools-install/bin
PATH: /home/chenfeiyu/firesim-run/target-design/chipyard/software/firemarshal
PATH: /home/chenfeiyu/firesim-run/target-design/chipyard/bin
PATH: /home/chenfeiyu/firesim-run/target-design/chipyard/software/firemarshal
PATH: /home/chenfeiyu/firesim-run/target-design/chipyard/bin
PATH: /home/changyisong/firesim/target-design/chipyard/riscv-tools-install/bin
PATH: /home/chenfeiyu/firesim-run/target-design/chipyard/software/firemarshal
PATH: /home/chenfeiyu/firesim-run/target-design/chipyard/bin
PATH: /home/chenfeiyu/firesim-run/target-design/chipyard/software/firemarshal
PATH: /home/chenfeiyu/firesim-run/target-design/chipyard/bin
PATH: /home/chenfeiyu/firesim-run/target-design/chipyard/software/firemarshal
PATH: /home/chenfeiyu/firesim-run/target-design/chipyard/bin
PATH: /home/chenfeiyu/firesim-run/target-design/chipyard/software/firemarshal
PATH: /home/chenfeiyu/firesim-run/target-design/chipyard/bin
PATH: /home/chenfeiyu/firesim-run/target-design/chipyard/software/firemarshal
PATH: /home/chenfeiyu/firesim-run/target-design/chipyard/bin
PATH: /home/chenfeiyu/firesim-run/platforms/f1/aws-fpga/shared/bin/scripts
PATH: /home/chenfeiyu/firesim-run/target-design/chipyard/riscv-tools-install/bin
PATH: /home/chenfeiyu/firesim-run/target-design/chipyard/software/firemarshal
PATH: /home/chenfeiyu/firesim-run/target-design/chipyard/bin
PATH: /home/chenfeiyu/firesim-run/target-design/chipyard/software/firemarshal
PATH: /home/chenfeiyu/firesim-run/target-design/chipyard/bin
PATH: /home/changyisong/firesim/target-design/chipyard/riscv-tools-install/bin
PATH: /home/chenfeiyu/firesim-run/target-design/chipyard/software/firemarshal
PATH: /home/chenfeiyu/firesim-run/target-design/chipyard/bin
PATH: /home/chenfeiyu/firesim-run/target-design/chipyard/software/firemarshal
PATH: /home/chenfeiyu/firesim-run/target-design/chipyard/bin
PATH: /home/chenfeiyu/firesim-run/target-design/chipyard/software/firemarshal
PATH: /home/chenfeiyu/firesim-run/target-design/chipyard/bin
PATH: /home/chenfeiyu/firesim-run/target-design/chipyard/software/firemarshal
PATH: /home/chenfeiyu/firesim-run/target-design/chipyard/bin
PATH: /home/chenfeiyu/firesim-run/target-design/chipyard/software/firemarshal
PATH: /home/chenfeiyu/firesim-run/target-design/chipyard/bin
PATH: /home/chenfeiyu/bin
PATH: /home/chenfeiyu/.local/bin
PATH: /usr/local/sbin
PATH: /usr/local/bin
PATH: /usr/sbin
PATH: /usr/bin
PATH: /sbin
PATH: /bin
PATH: /usr/games
PATH: /usr/local/games
PATH: /snap/bin
PATH: /snap/bin
PATH: /home/chenfeiyu/firesim-run/deploy
PATH: /home/chenfeiyu/firesim-run/deploy


## ----------- ##
## Core tests. ##
## ----------- ##

configure:2640: checking build system type
configure:2654: result: x86_64-pc-linux-gnu
configure:2674: checking host system type
configure:2687: result: x86_64-pc-linux-gnu
configure:2778: checking for gcc
configure:2794: found /usr/bin/gcc
configure:2805: result: gcc
configure:3034: checking for C compiler version
configure:3043: gcc --version >&5
gcc (Ubuntu 8.4.0-1ubuntu1~16.04.1) 8.4.0
Copyright (C) 2018 Free Software Foundation, Inc.
This is free software; see the source for copying conditions.  There is NO
warranty; not even for MERCHANTABILITY or FITNESS FOR A PARTICULAR PURPOSE.

configure:3054: $? = 0
configure:3043: gcc -v >&5
Using built-in specs.
COLLECT_GCC=gcc
COLLECT_LTO_WRAPPER=/usr/lib/gcc/x86_64-linux-gnu/8/lto-wrapper
OFFLOAD_TARGET_NAMES=nvptx-none
OFFLOAD_TARGET_DEFAULT=1
Target: x86_64-linux-gnu
Configured with: ../src/configure -v --with-pkgversion='Ubuntu 8.4.0-1ubuntu1~16.04.1' --with-bugurl=file:///usr/share/doc/gcc-8/README.Bugs --enable-languages=c,ada,c++,go,brig,d,fortran,objc,obj-c++ --prefix=/usr --with-gcc-major-version-only --program-suffix=-8 --program-prefix=x86_64-linux-gnu- --enable-shared --enable-linker-build-id --libexecdir=/usr/lib --without-included-gettext --enable-threads=posix --libdir=/usr/lib --enable-nls --enable-clocale=gnu --enable-libstdcxx-debug --enable-libstdcxx-time=yes --with-default-libstdcxx-abi=new --enable-gnu-unique-object --disable-vtable-verify --enable-libmpx --enable-plugin --with-system-zlib --with-target-system-zlib=auto --enable-objc-gc=auto --enable-multiarch --disable-werror --with-arch-32=i686 --with-abi=m64 --with-multilib-list=m32,m64,mx32 --enable-multilib --with-tune=generic --enable-offload-targets=nvptx-none --without-cuda-driver --enable-checking=release --build=x86_64-linux-gnu --host=x86_64-linux-gnu --target=x86_64-linux-gnu
Thread model: posix
gcc version 8.4.0 (Ubuntu 8.4.0-1ubuntu1~16.04.1) 
configure:3054: $? = 0
configure:3043: gcc -V >&5
gcc: error: unrecognized command line option '-V'
gcc: fatal error: no input files
compilation terminated.
configure:3054: $? = 1
configure:3043: gcc -qversion >&5
gcc: error: unrecognized command line option '-qversion'; did you mean '--version'?
gcc: fatal error: no input files
compilation terminated.
configure:3054: $? = 1
configure:3074: checking whether the C compiler works
configure:3096: gcc -g -I/home/chenfeiyu/firesim-run/target-design/chipyard/riscv-tools-install/include  -L/home/chenfeiyu/firesim-run/target-design/chipyard/riscv-tools-install/lib conftest.c  >&5
configure:3100: $? = 0
configure:3148: result: yes
configure:3151: checking for C compiler default output file name
configure:3153: result: a.out
configure:3159: checking for suffix of executables
configure:3166: gcc -o conftest -g -I/home/chenfeiyu/firesim-run/target-design/chipyard/riscv-tools-install/include  -L/home/chenfeiyu/firesim-run/target-design/chipyard/riscv-tools-install/lib conftest.c  >&5
configure:3170: $? = 0
configure:3192: result: 
configure:3214: checking whether we are cross compiling
configure:3222: gcc -o conftest -g -I/home/chenfeiyu/firesim-run/target-design/chipyard/riscv-tools-install/include  -L/home/chenfeiyu/firesim-run/target-design/chipyard/riscv-tools-install/lib conftest.c  >&5
configure:3226: $? = 0
configure:3233: ./conftest
configure:3237: $? = 0
configure:3252: result: no
configure:3257: checking for suffix of object files
configure:3279: gcc -c -g -I/home/chenfeiyu/firesim-run/target-design/chipyard/riscv-tools-install/include  conftest.c >&5
configure:3283: $? = 0
configure:3304: result: o
configure:3308: checking whether we are using the GNU C compiler
configure:3327: gcc -c -g -I/home/chenfeiyu/firesim-run/target-design/chipyard/riscv-tools-install/include  conftest.c >&5
configure:3327: $? = 0
configure:3336: result: yes
configure:3345: checking whether gcc accepts -g
configure:3365: gcc -c -g  conftest.c >&5
configure:3365: $? = 0
configure:3406: result: yes
configure:3423: checking for gcc option to accept ISO C89
configure:3486: gcc  -c -g -I/home/chenfeiyu/firesim-run/target-design/chipyard/riscv-tools-install/include  conftest.c >&5
configure:3486: $? = 0
configure:3499: result: none needed
configure:3524: checking whether gcc understands -c and -o together
configure:3546: gcc -c conftest.c -o conftest2.o
configure:3549: $? = 0
configure:3546: gcc -c conftest.c -o conftest2.o
configure:3549: $? = 0
configure:3561: result: yes
configure:3628: checking for ar
configure:3644: found /usr/bin/ar
configure:3655: result: ar
configure:3681: checking the archiver (ar) interface
configure:3697: gcc -c -g -I/home/chenfeiyu/firesim-run/target-design/chipyard/riscv-tools-install/include  conftest.c >&5
configure:3697: $? = 0
configure:3699: ar cru libconftest.a conftest.o >&5
ar: `u' modifier ignored since `D' is the default (see `U')
configure:3702: $? = 0
configure:3730: result: ar
configure:3767: checking for a BSD-compatible install
configure:3835: result: /usr/bin/install -c
configure:3846: checking whether build environment is sane
configure:3901: result: yes
configure:4049: checking for a thread-safe mkdir -p
configure:4088: result: /bin/mkdir -p
configure:4095: checking for gawk
configure:4111: found /usr/bin/gawk
configure:4122: result: gawk
configure:4133: checking whether make sets $(MAKE)
configure:4155: result: yes
configure:4185: checking for style of include used by make
configure:4213: result: GNU
configure:4247: checking whether make supports nested variables
configure:4264: result: yes
configure:4349: checking dependency style of gcc
configure:4460: result: gcc3
configure:4529: checking whether make supports nested variables
configure:4546: result: yes
configure:4604: checking how to print strings
configure:4631: result: printf
configure:4652: checking for a sed that does not truncate output
configure:4716: result: /bin/sed
configure:4734: checking for grep that handles long lines and -e
configure:4792: result: /bin/grep
configure:4797: checking for egrep
configure:4859: result: /bin/grep -E
configure:4864: checking for fgrep
configure:4926: result: /bin/grep -F
configure:4961: checking for ld used by gcc
configure:5028: result: /usr/bin/ld
configure:5035: checking if the linker (/usr/bin/ld) is GNU ld
configure:5050: result: yes
configure:5062: checking for BSD- or MS-compatible name lister (nm)
configure:5116: result: /usr/bin/nm -B
configure:5246: checking the name lister (/usr/bin/nm -B) interface
configure:5253: gcc -c -g -I/home/chenfeiyu/firesim-run/target-design/chipyard/riscv-tools-install/include  conftest.c >&5
configure:5256: /usr/bin/nm -B "conftest.o"
configure:5259: output
0000000000000000 B some_variable
configure:5266: result: BSD nm
configure:5269: checking whether ln -s works
configure:5273: result: yes
configure:5281: checking the maximum length of command line arguments
configure:5412: result: 1572864
configure:5460: checking how to convert x86_64-pc-linux-gnu file names to x86_64-pc-linux-gnu format
configure:5500: result: func_convert_file_noop
configure:5507: checking how to convert x86_64-pc-linux-gnu file names to toolchain format
configure:5527: result: func_convert_file_noop
configure:5534: checking for /usr/bin/ld option to reload object files
configure:5541: result: -r
configure:5615: checking for objdump
configure:5631: found /usr/bin/objdump
configure:5642: result: objdump
configure:5671: checking how to recognize dependent libraries
configure:5871: result: pass_all
configure:5956: checking for dlltool
configure:5986: result: no
configure:6013: checking how to associate runtime and link libraries
configure:6040: result: printf %s\n
configure:6164: checking for archiver @FILE support
configure:6181: gcc -c -g -I/home/chenfeiyu/firesim-run/target-design/chipyard/riscv-tools-install/include  conftest.c >&5
configure:6181: $? = 0
configure:6184: ar cru libconftest.a @conftest.lst >&5
ar: `u' modifier ignored since `D' is the default (see `U')
configure:6187: $? = 0
configure:6192: ar cru libconftest.a @conftest.lst >&5
ar: `u' modifier ignored since `D' is the default (see `U')
ar: conftest.o: No such file or directory
configure:6195: $? = 1
configure:6207: result: @
configure:6265: checking for strip
configure:6281: found /usr/bin/strip
configure:6292: result: strip
configure:6364: checking for ranlib
configure:6380: found /usr/bin/ranlib
configure:6391: result: ranlib
configure:6493: checking command to parse /usr/bin/nm -B output from gcc object
configure:6646: gcc -c -g -I/home/chenfeiyu/firesim-run/target-design/chipyard/riscv-tools-install/include  conftest.c >&5
configure:6649: $? = 0
configure:6653: /usr/bin/nm -B conftest.o \| sed -n -e 's/^.*[ ]\([ABCDGIRSTW][ABCDGIRSTW]*\)[ ][ ]*\([_A-Za-z][_A-Za-z0-9]*\)$/\1 \2 \2/p' | sed '/ __gnu_lto/d' \> conftest.nm
configure:6656: $? = 0
configure:6722: gcc -o conftest -g -I/home/chenfeiyu/firesim-run/target-design/chipyard/riscv-tools-install/include  -L/home/chenfeiyu/firesim-run/target-design/chipyard/riscv-tools-install/lib conftest.c conftstm.o >&5
configure:6725: $? = 0
configure:6763: result: ok
configure:6810: checking for sysroot
configure:6840: result: no
configure:6847: checking for a working dd
configure:6885: result: /bin/dd
configure:6889: checking how to truncate binary pipes
configure:6904: result: /bin/dd bs=4096 count=1
configure:7040: gcc -c -g -I/home/chenfeiyu/firesim-run/target-design/chipyard/riscv-tools-install/include  conftest.c >&5
configure:7043: $? = 0
configure:7233: checking for mt
configure:7249: found /bin/mt
configure:7260: result: mt
configure:7283: checking if mt is a manifest tool
configure:7289: mt '-?'
configure:7297: result: no
configure:7974: checking how to run the C preprocessor
configure:8005: gcc -E  conftest.c
configure:8005: $? = 0
configure:8019: gcc -E  conftest.c
conftest.c:11:10: fatal error: ac_nonexistent.h: No such file or directory
 #include <ac_nonexistent.h>
          ^~~~~~~~~~~~~~~~~~
compilation terminated.
configure:8019: $? = 1
configure: failed program was:
| /* confdefs.h */
| #define PACKAGE_NAME "libdwarf"
| #define PACKAGE_TARNAME "libdwarf"
| #define PACKAGE_VERSION "20190112"
| #define PACKAGE_STRING "libdwarf 20190112"
| #define PACKAGE_BUGREPORT "libdwarf-list -at- linuxmail -dot- org"
| #define PACKAGE_URL ""
| #define PACKAGE "libdwarf"
| #define VERSION "20190112"
| /* end confdefs.h.  */
| #include <ac_nonexistent.h>
configure:8044: result: gcc -E
configure:8064: gcc -E  conftest.c
configure:8064: $? = 0
configure:8078: gcc -E  conftest.c
conftest.c:11:10: fatal error: ac_nonexistent.h: No such file or directory
 #include <ac_nonexistent.h>
          ^~~~~~~~~~~~~~~~~~
compilation terminated.
configure:8078: $? = 1
configure: failed program was:
| /* confdefs.h */
| #define PACKAGE_NAME "libdwarf"
| #define PACKAGE_TARNAME "libdwarf"
| #define PACKAGE_VERSION "20190112"
| #define PACKAGE_STRING "libdwarf 20190112"
| #define PACKAGE_BUGREPORT "libdwarf-list -at- linuxmail -dot- org"
| #define PACKAGE_URL ""
| #define PACKAGE "libdwarf"
| #define VERSION "20190112"
| /* end confdefs.h.  */
| #include <ac_nonexistent.h>
configure:8107: checking for ANSI C header files
configure:8127: gcc -c -g -I/home/chenfeiyu/firesim-run/target-design/chipyard/riscv-tools-install/include  conftest.c >&5
configure:8127: $? = 0
configure:8200: gcc -o conftest -g -I/home/chenfeiyu/firesim-run/target-design/chipyard/riscv-tools-install/include  -L/home/chenfeiyu/firesim-run/target-design/chipyard/riscv-tools-install/lib conftest.c  >&5
configure:8200: $? = 0
configure:8200: ./conftest
configure:8200: $? = 0
configure:8211: result: yes
configure:8224: checking for sys/types.h
configure:8224: gcc -c -g -I/home/chenfeiyu/firesim-run/target-design/chipyard/riscv-tools-install/include  conftest.c >&5
configure:8224: $? = 0
configure:8224: result: yes
configure:8224: checking for sys/stat.h
configure:8224: gcc -c -g -I/home/chenfeiyu/firesim-run/target-design/chipyard/riscv-tools-install/include  conftest.c >&5
configure:8224: $? = 0
configure:8224: result: yes
configure:8224: checking for stdlib.h
configure:8224: gcc -c -g -I/home/chenfeiyu/firesim-run/target-design/chipyard/riscv-tools-install/include  conftest.c >&5
configure:8224: $? = 0
configure:8224: result: yes
configure:8224: checking for string.h
configure:8224: gcc -c -g -I/home/chenfeiyu/firesim-run/target-design/chipyard/riscv-tools-install/include  conftest.c >&5
configure:8224: $? = 0
configure:8224: result: yes
configure:8224: checking for memory.h
configure:8224: gcc -c -g -I/home/chenfeiyu/firesim-run/target-design/chipyard/riscv-tools-install/include  conftest.c >&5
configure:8224: $? = 0
configure:8224: result: yes
configure:8224: checking for strings.h
configure:8224: gcc -c -g -I/home/chenfeiyu/firesim-run/target-design/chipyard/riscv-tools-install/include  conftest.c >&5
configure:8224: $? = 0
configure:8224: result: yes
configure:8224: checking for inttypes.h
configure:8224: gcc -c -g -I/home/chenfeiyu/firesim-run/target-design/chipyard/riscv-tools-install/include  conftest.c >&5
configure:8224: $? = 0
configure:8224: result: yes
configure:8224: checking for stdint.h
configure:8224: gcc -c -g -I/home/chenfeiyu/firesim-run/target-design/chipyard/riscv-tools-install/include  conftest.c >&5
configure:8224: $? = 0
configure:8224: result: yes
configure:8224: checking for unistd.h
configure:8224: gcc -c -g -I/home/chenfeiyu/firesim-run/target-design/chipyard/riscv-tools-install/include  conftest.c >&5
configure:8224: $? = 0
configure:8224: result: yes
configure:8238: checking for dlfcn.h
configure:8238: gcc -c -g -I/home/chenfeiyu/firesim-run/target-design/chipyard/riscv-tools-install/include  conftest.c >&5
configure:8238: $? = 0
configure:8238: result: yes
configure:8790: checking for objdir
configure:8805: result: .libs
configure:9069: checking if gcc supports -fno-rtti -fno-exceptions
configure:9087: gcc -c -g -I/home/chenfeiyu/firesim-run/target-design/chipyard/riscv-tools-install/include  -fno-rtti -fno-exceptions conftest.c >&5
cc1: warning: command line option '-fno-rtti' is valid for C++/ObjC++ but not for C
configure:9091: $? = 0
configure:9104: result: no
configure:9462: checking for gcc option to produce PIC
configure:9469: result: -fPIC -DPIC
configure:9477: checking if gcc PIC flag -fPIC -DPIC works
configure:9495: gcc -c -g -I/home/chenfeiyu/firesim-run/target-design/chipyard/riscv-tools-install/include  -fPIC -DPIC -DPIC conftest.c >&5
configure:9499: $? = 0
configure:9512: result: yes
configure:9541: checking if gcc static flag -static works
configure:9569: result: yes
configure:9584: checking if gcc supports -c -o file.o
configure:9605: gcc -c -g -I/home/chenfeiyu/firesim-run/target-design/chipyard/riscv-tools-install/include  -o out/conftest2.o conftest.c >&5
configure:9609: $? = 0
configure:9631: result: yes
configure:9639: checking if gcc supports -c -o file.o
configure:9686: result: yes
configure:9719: checking whether the gcc linker (/usr/bin/ld -m elf_x86_64) supports shared libraries
configure:10982: result: yes
configure:11019: checking whether -lc should be explicitly linked in
configure:11027: gcc -c -g -I/home/chenfeiyu/firesim-run/target-design/chipyard/riscv-tools-install/include  conftest.c >&5
configure:11030: $? = 0
configure:11045: gcc -shared  -fPIC -DPIC conftest.o  -v -Wl,-soname -Wl,conftest -o conftest 2\>\&1 \| /bin/grep  -lc  \>/dev/null 2\>\&1
configure:11048: $? = 0
configure:11062: result: no
configure:11222: checking dynamic linker characteristics
configure:11803: gcc -o conftest -g -I/home/chenfeiyu/firesim-run/target-design/chipyard/riscv-tools-install/include  -L/home/chenfeiyu/firesim-run/target-design/chipyard/riscv-tools-install/lib -Wl,-rpath -Wl,/foo conftest.c  >&5
configure:11803: $? = 0
configure:12052: result: GNU/Linux ld.so
configure:12174: checking how to hardcode library paths into programs
configure:12199: result: immediate
configure:12747: checking whether stripping libraries is possible
configure:12752: result: yes
configure:12787: checking if libtool supports shared libraries
configure:12789: result: yes
configure:12792: checking whether to build shared libraries
configure:12817: result: yes
configure:12820: checking whether to build static libraries
configure:12824: result: no
configure:12915: checking for gcc
configure:12942: result: gcc
configure:13171: checking for C compiler version
configure:13180: gcc --version >&5
gcc (Ubuntu 8.4.0-1ubuntu1~16.04.1) 8.4.0
Copyright (C) 2018 Free Software Foundation, Inc.
This is free software; see the source for copying conditions.  There is NO
warranty; not even for MERCHANTABILITY or FITNESS FOR A PARTICULAR PURPOSE.

configure:13191: $? = 0
configure:13180: gcc -v >&5
Using built-in specs.
COLLECT_GCC=gcc
COLLECT_LTO_WRAPPER=/usr/lib/gcc/x86_64-linux-gnu/8/lto-wrapper
OFFLOAD_TARGET_NAMES=nvptx-none
OFFLOAD_TARGET_DEFAULT=1
Target: x86_64-linux-gnu
Configured with: ../src/configure -v --with-pkgversion='Ubuntu 8.4.0-1ubuntu1~16.04.1' --with-bugurl=file:///usr/share/doc/gcc-8/README.Bugs --enable-languages=c,ada,c++,go,brig,d,fortran,objc,obj-c++ --prefix=/usr --with-gcc-major-version-only --program-suffix=-8 --program-prefix=x86_64-linux-gnu- --enable-shared --enable-linker-build-id --libexecdir=/usr/lib --without-included-gettext --enable-threads=posix --libdir=/usr/lib --enable-nls --enable-clocale=gnu --enable-libstdcxx-debug --enable-libstdcxx-time=yes --with-default-libstdcxx-abi=new --enable-gnu-unique-object --disable-vtable-verify --enable-libmpx --enable-plugin --with-system-zlib --with-target-system-zlib=auto --enable-objc-gc=auto --enable-multiarch --disable-werror --with-arch-32=i686 --with-abi=m64 --with-multilib-list=m32,m64,mx32 --enable-multilib --with-tune=generic --enable-offload-targets=nvptx-none --without-cuda-driver --enable-checking=release --build=x86_64-linux-gnu --host=x86_64-linux-gnu --target=x86_64-linux-gnu
Thread model: posix
gcc version 8.4.0 (Ubuntu 8.4.0-1ubuntu1~16.04.1) 
configure:13191: $? = 0
configure:13180: gcc -V >&5
gcc: error: unrecognized command line option '-V'
gcc: fatal error: no input files
compilation terminated.
configure:13191: $? = 1
configure:13180: gcc -qversion >&5
gcc: error: unrecognized command line option '-qversion'; did you mean '--version'?
gcc: fatal error: no input files
compilation terminated.
configure:13191: $? = 1
configure:13195: checking whether we are using the GNU C compiler
configure:13223: result: yes
configure:13232: checking whether gcc accepts -g
configure:13293: result: yes
configure:13310: checking for gcc option to accept ISO C89
configure:13386: result: none needed
configure:13411: checking whether gcc understands -c and -o together
configure:13448: result: yes
configure:13523: checking for g++
configure:13539: found /usr/bin/g++
configure:13550: result: g++
configure:13577: checking for C++ compiler version
configure:13586: g++ --version >&5
g++ (Ubuntu 8.4.0-1ubuntu1~16.04.1) 8.4.0
Copyright (C) 2018 Free Software Foundation, Inc.
This is free software; see the source for copying conditions.  There is NO
warranty; not even for MERCHANTABILITY or FITNESS FOR A PARTICULAR PURPOSE.

configure:13597: $? = 0
configure:13586: g++ -v >&5
Using built-in specs.
COLLECT_GCC=g++
COLLECT_LTO_WRAPPER=/usr/lib/gcc/x86_64-linux-gnu/8/lto-wrapper
OFFLOAD_TARGET_NAMES=nvptx-none
OFFLOAD_TARGET_DEFAULT=1
Target: x86_64-linux-gnu
Configured with: ../src/configure -v --with-pkgversion='Ubuntu 8.4.0-1ubuntu1~16.04.1' --with-bugurl=file:///usr/share/doc/gcc-8/README.Bugs --enable-languages=c,ada,c++,go,brig,d,fortran,objc,obj-c++ --prefix=/usr --with-gcc-major-version-only --program-suffix=-8 --program-prefix=x86_64-linux-gnu- --enable-shared --enable-linker-build-id --libexecdir=/usr/lib --without-included-gettext --enable-threads=posix --libdir=/usr/lib --enable-nls --enable-clocale=gnu --enable-libstdcxx-debug --enable-libstdcxx-time=yes --with-default-libstdcxx-abi=new --enable-gnu-unique-object --disable-vtable-verify --enable-libmpx --enable-plugin --with-system-zlib --with-target-system-zlib=auto --enable-objc-gc=auto --enable-multiarch --disable-werror --with-arch-32=i686 --with-abi=m64 --with-multilib-list=m32,m64,mx32 --enable-multilib --with-tune=generic --enable-offload-targets=nvptx-none --without-cuda-driver --enable-checking=release --build=x86_64-linux-gnu --host=x86_64-linux-gnu --target=x86_64-linux-gnu
Thread model: posix
gcc version 8.4.0 (Ubuntu 8.4.0-1ubuntu1~16.04.1) 
configure:13597: $? = 0
configure:13586: g++ -V >&5
g++: error: unrecognized command line option '-V'
g++: fatal error: no input files
compilation terminated.
configure:13597: $? = 1
configure:13586: g++ -qversion >&5
g++: error: unrecognized command line option '-qversion'; did you mean '--version'?
g++: fatal error: no input files
compilation terminated.
configure:13597: $? = 1
configure:13601: checking whether we are using the GNU C++ compiler
configure:13620: g++ -c   conftest.cpp >&5
configure:13620: $? = 0
configure:13629: result: yes
configure:13638: checking whether g++ accepts -g
configure:13658: g++ -c -g  conftest.cpp >&5
configure:13658: $? = 0
configure:13699: result: yes
configure:13724: checking dependency style of g++
configure:13835: result: gcc3
configure:13868: checking how to run the C++ preprocessor
configure:13895: g++ -E  conftest.cpp
configure:13895: $? = 0
configure:13909: g++ -E  conftest.cpp
conftest.cpp:23:10: fatal error: ac_nonexistent.h: No such file or directory
 #include <ac_nonexistent.h>
          ^~~~~~~~~~~~~~~~~~
compilation terminated.
configure:13909: $? = 1
configure: failed program was:
| /* confdefs.h */
| #define PACKAGE_NAME "libdwarf"
| #define PACKAGE_TARNAME "libdwarf"
| #define PACKAGE_VERSION "20190112"
| #define PACKAGE_STRING "libdwarf 20190112"
| #define PACKAGE_BUGREPORT "libdwarf-list -at- linuxmail -dot- org"
| #define PACKAGE_URL ""
| #define PACKAGE "libdwarf"
| #define VERSION "20190112"
| #define STDC_HEADERS 1
| #define HAVE_SYS_TYPES_H 1
| #define HAVE_SYS_STAT_H 1
| #define HAVE_STDLIB_H 1
| #define HAVE_STRING_H 1
| #define HAVE_MEMORY_H 1
| #define HAVE_STRINGS_H 1
| #define HAVE_INTTYPES_H 1
| #define HAVE_STDINT_H 1
| #define HAVE_UNISTD_H 1
| #define HAVE_DLFCN_H 1
| #define LT_OBJDIR ".libs/"
| /* end confdefs.h.  */
| #include <ac_nonexistent.h>
configure:13934: result: g++ -E
configure:13954: g++ -E  conftest.cpp
configure:13954: $? = 0
configure:13968: g++ -E  conftest.cpp
conftest.cpp:23:10: fatal error: ac_nonexistent.h: No such file or directory
 #include <ac_nonexistent.h>
          ^~~~~~~~~~~~~~~~~~
compilation terminated.
configure:13968: $? = 1
configure: failed program was:
| /* confdefs.h */
| #define PACKAGE_NAME "libdwarf"
| #define PACKAGE_TARNAME "libdwarf"
| #define PACKAGE_VERSION "20190112"
| #define PACKAGE_STRING "libdwarf 20190112"
| #define PACKAGE_BUGREPORT "libdwarf-list -at- linuxmail -dot- org"
| #define PACKAGE_URL ""
| #define PACKAGE "libdwarf"
| #define VERSION "20190112"
| #define STDC_HEADERS 1
| #define HAVE_SYS_TYPES_H 1
| #define HAVE_SYS_STAT_H 1
| #define HAVE_STDLIB_H 1
| #define HAVE_STRING_H 1
| #define HAVE_MEMORY_H 1
| #define HAVE_STRINGS_H 1
| #define HAVE_INTTYPES_H 1
| #define HAVE_STDINT_H 1
| #define HAVE_UNISTD_H 1
| #define HAVE_DLFCN_H 1
| #define LT_OBJDIR ".libs/"
| /* end confdefs.h.  */
| #include <ac_nonexistent.h>
configure:14130: checking for ld used by g++
configure:14197: result: /usr/bin/ld -m elf_x86_64
configure:14204: checking if the linker (/usr/bin/ld -m elf_x86_64) is GNU ld
configure:14219: result: yes
configure:14274: checking whether the g++ linker (/usr/bin/ld -m elf_x86_64) supports shared libraries
configure:15347: result: yes
configure:15383: g++ -c -g -O2  conftest.cpp >&5
configure:15386: $? = 0
configure:15867: checking for g++ option to produce PIC
configure:15874: result: -fPIC -DPIC
configure:15882: checking if g++ PIC flag -fPIC -DPIC works
configure:15900: g++ -c -g -O2  -fPIC -DPIC -DPIC conftest.cpp >&5
configure:15904: $? = 0
configure:15917: result: yes
configure:15940: checking if g++ static flag -static works
configure:15968: result: yes
configure:15980: checking if g++ supports -c -o file.o
configure:16001: g++ -c -g -O2  -o out/conftest2.o conftest.cpp >&5
configure:16005: $? = 0
configure:16027: result: yes
configure:16032: checking if g++ supports -c -o file.o
configure:16079: result: yes
configure:16109: checking whether the g++ linker (/usr/bin/ld -m elf_x86_64) supports shared libraries
configure:16152: result: yes
configure:16293: checking dynamic linker characteristics
configure:17050: result: GNU/Linux ld.so
configure:17115: checking how to hardcode library paths into programs
configure:17140: result: immediate
configure:17181: checking whether gcc and cc understand -c and -o together
configure:17212: gcc -c conftest.c -o conftest2.o >&5
configure:17216: $? = 0
configure:17222: gcc -c conftest.c -o conftest2.o >&5
configure:17226: $? = 0
configure:17237: cc -c conftest.c >&5
configure:17241: $? = 0
configure:17249: cc -c conftest.c -o conftest2.o >&5
configure:17253: $? = 0
configure:17259: cc -c conftest.c -o conftest2.o >&5
configure:17263: $? = 0
configure:17281: result: yes
configure:17306: checking for unistd.h
configure:17306: result: yes
configure:17306: checking for sys/types.h
configure:17306: result: yes
configure:17306: checking regex.h usability
configure:17306: gcc -c -g -I/home/chenfeiyu/firesim-run/target-design/chipyard/riscv-tools-install/include  conftest.c >&5
configure:17306: $? = 0
configure:17306: result: yes
configure:17306: checking regex.h presence
configure:17306: gcc -E  conftest.c
configure:17306: $? = 0
configure:17306: result: yes
configure:17306: checking for regex.h
configure:17306: result: yes
configure:17306: checking malloc.h usability
configure:17306: gcc -c -g -I/home/chenfeiyu/firesim-run/target-design/chipyard/riscv-tools-install/include  conftest.c >&5
configure:17306: $? = 0
configure:17306: result: yes
configure:17306: checking malloc.h presence
configure:17306: gcc -E  conftest.c
configure:17306: $? = 0
configure:17306: result: yes
configure:17306: checking for malloc.h
configure:17306: result: yes
configure:17318: checking sgidefs.h usability
configure:17318: gcc -c -g -I/home/chenfeiyu/firesim-run/target-design/chipyard/riscv-tools-install/include  conftest.c >&5
conftest.c:60:10: fatal error: sgidefs.h: No such file or directory
 #include <sgidefs.h>
          ^~~~~~~~~~~
compilation terminated.
configure:17318: $? = 1
configure: failed program was:
| /* confdefs.h */
| #define PACKAGE_NAME "libdwarf"
| #define PACKAGE_TARNAME "libdwarf"
| #define PACKAGE_VERSION "20190112"
| #define PACKAGE_STRING "libdwarf 20190112"
| #define PACKAGE_BUGREPORT "libdwarf-list -at- linuxmail -dot- org"
| #define PACKAGE_URL ""
| #define PACKAGE "libdwarf"
| #define VERSION "20190112"
| #define STDC_HEADERS 1
| #define HAVE_SYS_TYPES_H 1
| #define HAVE_SYS_STAT_H 1
| #define HAVE_STDLIB_H 1
| #define HAVE_STRING_H 1
| #define HAVE_MEMORY_H 1
| #define HAVE_STRINGS_H 1
| #define HAVE_INTTYPES_H 1
| #define HAVE_STDINT_H 1
| #define HAVE_UNISTD_H 1
| #define HAVE_DLFCN_H 1
| #define LT_OBJDIR ".libs/"
| #define HAVE_UNISTD_H 1
| #define HAVE_SYS_TYPES_H 1
| #define HAVE_REGEX_H 1
| #define HAVE_MALLOC_H 1
| /* end confdefs.h.  */
| #include <stdio.h>
| #ifdef HAVE_SYS_TYPES_H
| # include <sys/types.h>
| #endif
| #ifdef HAVE_SYS_STAT_H
| # include <sys/stat.h>
| #endif
| #ifdef STDC_HEADERS
| # include <stdlib.h>
| # include <stddef.h>
| #else
| # ifdef HAVE_STDLIB_H
| #  include <stdlib.h>
| # endif
| #endif
| #ifdef HAVE_STRING_H
| # if !defined STDC_HEADERS && defined HAVE_MEMORY_H
| #  include <memory.h>
| # endif
| # include <string.h>
| #endif
| #ifdef HAVE_STRINGS_H
| # include <strings.h>
| #endif
| #ifdef HAVE_INTTYPES_H
| # include <inttypes.h>
| #endif
| #ifdef HAVE_STDINT_H
| # include <stdint.h>
| #endif
| #ifdef HAVE_UNISTD_H
| # include <unistd.h>
| #endif
| #include <sgidefs.h>
configure:17318: result: no
configure:17318: checking sgidefs.h presence
configure:17318: gcc -E  conftest.c
conftest.c:27:10: fatal error: sgidefs.h: No such file or directory
 #include <sgidefs.h>
          ^~~~~~~~~~~
compilation terminated.
configure:17318: $? = 1
configure: failed program was:
| /* confdefs.h */
| #define PACKAGE_NAME "libdwarf"
| #define PACKAGE_TARNAME "libdwarf"
| #define PACKAGE_VERSION "20190112"
| #define PACKAGE_STRING "libdwarf 20190112"
| #define PACKAGE_BUGREPORT "libdwarf-list -at- linuxmail -dot- org"
| #define PACKAGE_URL ""
| #define PACKAGE "libdwarf"
| #define VERSION "20190112"
| #define STDC_HEADERS 1
| #define HAVE_SYS_TYPES_H 1
| #define HAVE_SYS_STAT_H 1
| #define HAVE_STDLIB_H 1
| #define HAVE_STRING_H 1
| #define HAVE_MEMORY_H 1
| #define HAVE_STRINGS_H 1
| #define HAVE_INTTYPES_H 1
| #define HAVE_STDINT_H 1
| #define HAVE_UNISTD_H 1
| #define HAVE_DLFCN_H 1
| #define LT_OBJDIR ".libs/"
| #define HAVE_UNISTD_H 1
| #define HAVE_SYS_TYPES_H 1
| #define HAVE_REGEX_H 1
| #define HAVE_MALLOC_H 1
| /* end confdefs.h.  */
| #include <sgidefs.h>
configure:17318: result: no
configure:17318: checking for sgidefs.h
configure:17318: result: no
configure:17330: checking windows.h usability
configure:17330: gcc -c -g -I/home/chenfeiyu/firesim-run/target-design/chipyard/riscv-tools-install/include  conftest.c >&5
conftest.c:60:10: fatal error: windows.h: No such file or directory
 #include <windows.h>
          ^~~~~~~~~~~
compilation terminated.
configure:17330: $? = 1
configure: failed program was:
| /* confdefs.h */
| #define PACKAGE_NAME "libdwarf"
| #define PACKAGE_TARNAME "libdwarf"
| #define PACKAGE_VERSION "20190112"
| #define PACKAGE_STRING "libdwarf 20190112"
| #define PACKAGE_BUGREPORT "libdwarf-list -at- linuxmail -dot- org"
| #define PACKAGE_URL ""
| #define PACKAGE "libdwarf"
| #define VERSION "20190112"
| #define STDC_HEADERS 1
| #define HAVE_SYS_TYPES_H 1
| #define HAVE_SYS_STAT_H 1
| #define HAVE_STDLIB_H 1
| #define HAVE_STRING_H 1
| #define HAVE_MEMORY_H 1
| #define HAVE_STRINGS_H 1
| #define HAVE_INTTYPES_H 1
| #define HAVE_STDINT_H 1
| #define HAVE_UNISTD_H 1
| #define HAVE_DLFCN_H 1
| #define LT_OBJDIR ".libs/"
| #define HAVE_UNISTD_H 1
| #define HAVE_SYS_TYPES_H 1
| #define HAVE_REGEX_H 1
| #define HAVE_MALLOC_H 1
| /* end confdefs.h.  */
| #include <stdio.h>
| #ifdef HAVE_SYS_TYPES_H
| # include <sys/types.h>
| #endif
| #ifdef HAVE_SYS_STAT_H
| # include <sys/stat.h>
| #endif
| #ifdef STDC_HEADERS
| # include <stdlib.h>
| # include <stddef.h>
| #else
| # ifdef HAVE_STDLIB_H
| #  include <stdlib.h>
| # endif
| #endif
| #ifdef HAVE_STRING_H
| # if !defined STDC_HEADERS && defined HAVE_MEMORY_H
| #  include <memory.h>
| # endif
| # include <string.h>
| #endif
| #ifdef HAVE_STRINGS_H
| # include <strings.h>
| #endif
| #ifdef HAVE_INTTYPES_H
| # include <inttypes.h>
| #endif
| #ifdef HAVE_STDINT_H
| # include <stdint.h>
| #endif
| #ifdef HAVE_UNISTD_H
| # include <unistd.h>
| #endif
| #include <windows.h>
configure:17330: result: no
configure:17330: checking windows.h presence
configure:17330: gcc -E  conftest.c
conftest.c:27:10: fatal error: windows.h: No such file or directory
 #include <windows.h>
          ^~~~~~~~~~~
compilation terminated.
configure:17330: $? = 1
configure: failed program was:
| /* confdefs.h */
| #define PACKAGE_NAME "libdwarf"
| #define PACKAGE_TARNAME "libdwarf"
| #define PACKAGE_VERSION "20190112"
| #define PACKAGE_STRING "libdwarf 20190112"
| #define PACKAGE_BUGREPORT "libdwarf-list -at- linuxmail -dot- org"
| #define PACKAGE_URL ""
| #define PACKAGE "libdwarf"
| #define VERSION "20190112"
| #define STDC_HEADERS 1
| #define HAVE_SYS_TYPES_H 1
| #define HAVE_SYS_STAT_H 1
| #define HAVE_STDLIB_H 1
| #define HAVE_STRING_H 1
| #define HAVE_MEMORY_H 1
| #define HAVE_STRINGS_H 1
| #define HAVE_INTTYPES_H 1
| #define HAVE_STDINT_H 1
| #define HAVE_UNISTD_H 1
| #define HAVE_DLFCN_H 1
| #define LT_OBJDIR ".libs/"
| #define HAVE_UNISTD_H 1
| #define HAVE_SYS_TYPES_H 1
| #define HAVE_REGEX_H 1
| #define HAVE_MALLOC_H 1
| /* end confdefs.h.  */
| #include <windows.h>
configure:17330: result: no
configure:17330: checking for windows.h
configure:17330: result: no
configure:17349: checking libelf.h usability
configure:17349: gcc -c -g -I/home/chenfeiyu/firesim-run/target-design/chipyard/riscv-tools-install/include  conftest.c >&5
configure:17349: $? = 0
configure:17349: result: yes
configure:17349: checking libelf.h presence
configure:17349: gcc -E  conftest.c
conftest.c:27:10: fatal error: libelf.h: No such file or directory
 #include <libelf.h>
          ^~~~~~~~~~
compilation terminated.
configure:17349: $? = 1
configure: failed program was:
| /* confdefs.h */
| #define PACKAGE_NAME "libdwarf"
| #define PACKAGE_TARNAME "libdwarf"
| #define PACKAGE_VERSION "20190112"
| #define PACKAGE_STRING "libdwarf 20190112"
| #define PACKAGE_BUGREPORT "libdwarf-list -at- linuxmail -dot- org"
| #define PACKAGE_URL ""
| #define PACKAGE "libdwarf"
| #define VERSION "20190112"
| #define STDC_HEADERS 1
| #define HAVE_SYS_TYPES_H 1
| #define HAVE_SYS_STAT_H 1
| #define HAVE_STDLIB_H 1
| #define HAVE_STRING_H 1
| #define HAVE_MEMORY_H 1
| #define HAVE_STRINGS_H 1
| #define HAVE_INTTYPES_H 1
| #define HAVE_STDINT_H 1
| #define HAVE_UNISTD_H 1
| #define HAVE_DLFCN_H 1
| #define LT_OBJDIR ".libs/"
| #define HAVE_UNISTD_H 1
| #define HAVE_SYS_TYPES_H 1
| #define HAVE_REGEX_H 1
| #define HAVE_MALLOC_H 1
| /* end confdefs.h.  */
| #include <libelf.h>
configure:17349: result: no
configure:17349: WARNING: libelf.h: accepted by the compiler, rejected by the preprocessor!
configure:17349: WARNING: libelf.h: proceeding with the compiler's result
configure:17349: checking for libelf.h
configure:17349: result: yes
configure:17349: checking libelf/libelf.h usability
configure:17349: gcc -c -g -I/home/chenfeiyu/firesim-run/target-design/chipyard/riscv-tools-install/include  conftest.c >&5
conftest.c:61:10: fatal error: libelf/libelf.h: No such file or directory
 #include <libelf/libelf.h>
          ^~~~~~~~~~~~~~~~~
compilation terminated.
configure:17349: $? = 1
configure: failed program was:
| /* confdefs.h */
| #define PACKAGE_NAME "libdwarf"
| #define PACKAGE_TARNAME "libdwarf"
| #define PACKAGE_VERSION "20190112"
| #define PACKAGE_STRING "libdwarf 20190112"
| #define PACKAGE_BUGREPORT "libdwarf-list -at- linuxmail -dot- org"
| #define PACKAGE_URL ""
| #define PACKAGE "libdwarf"
| #define VERSION "20190112"
| #define STDC_HEADERS 1
| #define HAVE_SYS_TYPES_H 1
| #define HAVE_SYS_STAT_H 1
| #define HAVE_STDLIB_H 1
| #define HAVE_STRING_H 1
| #define HAVE_MEMORY_H 1
| #define HAVE_STRINGS_H 1
| #define HAVE_INTTYPES_H 1
| #define HAVE_STDINT_H 1
| #define HAVE_UNISTD_H 1
| #define HAVE_DLFCN_H 1
| #define LT_OBJDIR ".libs/"
| #define HAVE_UNISTD_H 1
| #define HAVE_SYS_TYPES_H 1
| #define HAVE_REGEX_H 1
| #define HAVE_MALLOC_H 1
| #define HAVE_LIBELF_H 1
| /* end confdefs.h.  */
| #include <stdio.h>
| #ifdef HAVE_SYS_TYPES_H
| # include <sys/types.h>
| #endif
| #ifdef HAVE_SYS_STAT_H
| # include <sys/stat.h>
| #endif
| #ifdef STDC_HEADERS
| # include <stdlib.h>
| # include <stddef.h>
| #else
| # ifdef HAVE_STDLIB_H
| #  include <stdlib.h>
| # endif
| #endif
| #ifdef HAVE_STRING_H
| # if !defined STDC_HEADERS && defined HAVE_MEMORY_H
| #  include <memory.h>
| # endif
| # include <string.h>
| #endif
| #ifdef HAVE_STRINGS_H
| # include <strings.h>
| #endif
| #ifdef HAVE_INTTYPES_H
| # include <inttypes.h>
| #endif
| #ifdef HAVE_STDINT_H
| # include <stdint.h>
| #endif
| #ifdef HAVE_UNISTD_H
| # include <unistd.h>
| #endif
| #include <libelf/libelf.h>
configure:17349: result: no
configure:17349: checking libelf/libelf.h presence
configure:17349: gcc -E  conftest.c
conftest.c:28:10: fatal error: libelf/libelf.h: No such file or directory
 #include <libelf/libelf.h>
          ^~~~~~~~~~~~~~~~~
compilation terminated.
configure:17349: $? = 1
configure: failed program was:
| /* confdefs.h */
| #define PACKAGE_NAME "libdwarf"
| #define PACKAGE_TARNAME "libdwarf"
| #define PACKAGE_VERSION "20190112"
| #define PACKAGE_STRING "libdwarf 20190112"
| #define PACKAGE_BUGREPORT "libdwarf-list -at- linuxmail -dot- org"
| #define PACKAGE_URL ""
| #define PACKAGE "libdwarf"
| #define VERSION "20190112"
| #define STDC_HEADERS 1
| #define HAVE_SYS_TYPES_H 1
| #define HAVE_SYS_STAT_H 1
| #define HAVE_STDLIB_H 1
| #define HAVE_STRING_H 1
| #define HAVE_MEMORY_H 1
| #define HAVE_STRINGS_H 1
| #define HAVE_INTTYPES_H 1
| #define HAVE_STDINT_H 1
| #define HAVE_UNISTD_H 1
| #define HAVE_DLFCN_H 1
| #define LT_OBJDIR ".libs/"
| #define HAVE_UNISTD_H 1
| #define HAVE_SYS_TYPES_H 1
| #define HAVE_REGEX_H 1
| #define HAVE_MALLOC_H 1
| #define HAVE_LIBELF_H 1
| /* end confdefs.h.  */
| #include <libelf/libelf.h>
configure:17349: result: no
configure:17349: checking for libelf/libelf.h
configure:17349: result: no
configure:17365: checking zlib.h usability
configure:17365: gcc -c -g -I/home/chenfeiyu/firesim-run/target-design/chipyard/riscv-tools-install/include  conftest.c >&5
configure:17365: $? = 0
configure:17365: result: yes
configure:17365: checking zlib.h presence
configure:17365: gcc -E  conftest.c
configure:17365: $? = 0
configure:17365: result: yes
configure:17365: checking for zlib.h
configure:17365: result: yes
configure:17384: checking elf.h usability
configure:17384: gcc -c -g -I/home/chenfeiyu/firesim-run/target-design/chipyard/riscv-tools-install/include  conftest.c >&5
configure:17384: $? = 0
configure:17384: result: yes
configure:17384: checking elf.h presence
configure:17384: gcc -E  conftest.c
configure:17384: $? = 0
configure:17384: result: yes
configure:17384: checking for elf.h
configure:17384: result: yes
configure:17384: checking elfaccess.h usability
configure:17384: gcc -c -g -I/home/chenfeiyu/firesim-run/target-design/chipyard/riscv-tools-install/include  conftest.c >&5
conftest.c:63:10: fatal error: elfaccess.h: No such file or directory
 #include <elfaccess.h>
          ^~~~~~~~~~~~~
compilation terminated.
configure:17384: $? = 1
configure: failed program was:
| /* confdefs.h */
| #define PACKAGE_NAME "libdwarf"
| #define PACKAGE_TARNAME "libdwarf"
| #define PACKAGE_VERSION "20190112"
| #define PACKAGE_STRING "libdwarf 20190112"
| #define PACKAGE_BUGREPORT "libdwarf-list -at- linuxmail -dot- org"
| #define PACKAGE_URL ""
| #define PACKAGE "libdwarf"
| #define VERSION "20190112"
| #define STDC_HEADERS 1
| #define HAVE_SYS_TYPES_H 1
| #define HAVE_SYS_STAT_H 1
| #define HAVE_STDLIB_H 1
| #define HAVE_STRING_H 1
| #define HAVE_MEMORY_H 1
| #define HAVE_STRINGS_H 1
| #define HAVE_INTTYPES_H 1
| #define HAVE_STDINT_H 1
| #define HAVE_UNISTD_H 1
| #define HAVE_DLFCN_H 1
| #define LT_OBJDIR ".libs/"
| #define HAVE_UNISTD_H 1
| #define HAVE_SYS_TYPES_H 1
| #define HAVE_REGEX_H 1
| #define HAVE_MALLOC_H 1
| #define HAVE_LIBELF_H 1
| #define HAVE_ZLIB_H 1
| #define HAVE_ELF_H 1
| /* end confdefs.h.  */
| #include <stdio.h>
| #ifdef HAVE_SYS_TYPES_H
| # include <sys/types.h>
| #endif
| #ifdef HAVE_SYS_STAT_H
| # include <sys/stat.h>
| #endif
| #ifdef STDC_HEADERS
| # include <stdlib.h>
| # include <stddef.h>
| #else
| # ifdef HAVE_STDLIB_H
| #  include <stdlib.h>
| # endif
| #endif
| #ifdef HAVE_STRING_H
| # if !defined STDC_HEADERS && defined HAVE_MEMORY_H
| #  include <memory.h>
| # endif
| # include <string.h>
| #endif
| #ifdef HAVE_STRINGS_H
| # include <strings.h>
| #endif
| #ifdef HAVE_INTTYPES_H
| # include <inttypes.h>
| #endif
| #ifdef HAVE_STDINT_H
| # include <stdint.h>
| #endif
| #ifdef HAVE_UNISTD_H
| # include <unistd.h>
| #endif
| #include <elfaccess.h>
configure:17384: result: no
configure:17384: checking elfaccess.h presence
configure:17384: gcc -E  conftest.c
conftest.c:30:10: fatal error: elfaccess.h: No such file or directory
 #include <elfaccess.h>
          ^~~~~~~~~~~~~
compilation terminated.
configure:17384: $? = 1
configure: failed program was:
| /* confdefs.h */
| #define PACKAGE_NAME "libdwarf"
| #define PACKAGE_TARNAME "libdwarf"
| #define PACKAGE_VERSION "20190112"
| #define PACKAGE_STRING "libdwarf 20190112"
| #define PACKAGE_BUGREPORT "libdwarf-list -at- linuxmail -dot- org"
| #define PACKAGE_URL ""
| #define PACKAGE "libdwarf"
| #define VERSION "20190112"
| #define STDC_HEADERS 1
| #define HAVE_SYS_TYPES_H 1
| #define HAVE_SYS_STAT_H 1
| #define HAVE_STDLIB_H 1
| #define HAVE_STRING_H 1
| #define HAVE_MEMORY_H 1
| #define HAVE_STRINGS_H 1
| #define HAVE_INTTYPES_H 1
| #define HAVE_STDINT_H 1
| #define HAVE_UNISTD_H 1
| #define HAVE_DLFCN_H 1
| #define LT_OBJDIR ".libs/"
| #define HAVE_UNISTD_H 1
| #define HAVE_SYS_TYPES_H 1
| #define HAVE_REGEX_H 1
| #define HAVE_MALLOC_H 1
| #define HAVE_LIBELF_H 1
| #define HAVE_ZLIB_H 1
| #define HAVE_ELF_H 1
| /* end confdefs.h.  */
| #include <elfaccess.h>
configure:17384: result: no
configure:17384: checking for elfaccess.h
configure:17384: result: no
configure:17384: checking sys/elf_386.h usability
configure:17384: gcc -c -g -I/home/chenfeiyu/firesim-run/target-design/chipyard/riscv-tools-install/include  conftest.c >&5
conftest.c:63:10: fatal error: sys/elf_386.h: No such file or directory
 #include <sys/elf_386.h>
          ^~~~~~~~~~~~~~~
compilation terminated.
configure:17384: $? = 1
configure: failed program was:
| /* confdefs.h */
| #define PACKAGE_NAME "libdwarf"
| #define PACKAGE_TARNAME "libdwarf"
| #define PACKAGE_VERSION "20190112"
| #define PACKAGE_STRING "libdwarf 20190112"
| #define PACKAGE_BUGREPORT "libdwarf-list -at- linuxmail -dot- org"
| #define PACKAGE_URL ""
| #define PACKAGE "libdwarf"
| #define VERSION "20190112"
| #define STDC_HEADERS 1
| #define HAVE_SYS_TYPES_H 1
| #define HAVE_SYS_STAT_H 1
| #define HAVE_STDLIB_H 1
| #define HAVE_STRING_H 1
| #define HAVE_MEMORY_H 1
| #define HAVE_STRINGS_H 1
| #define HAVE_INTTYPES_H 1
| #define HAVE_STDINT_H 1
| #define HAVE_UNISTD_H 1
| #define HAVE_DLFCN_H 1
| #define LT_OBJDIR ".libs/"
| #define HAVE_UNISTD_H 1
| #define HAVE_SYS_TYPES_H 1
| #define HAVE_REGEX_H 1
| #define HAVE_MALLOC_H 1
| #define HAVE_LIBELF_H 1
| #define HAVE_ZLIB_H 1
| #define HAVE_ELF_H 1
| /* end confdefs.h.  */
| #include <stdio.h>
| #ifdef HAVE_SYS_TYPES_H
| # include <sys/types.h>
| #endif
| #ifdef HAVE_SYS_STAT_H
| # include <sys/stat.h>
| #endif
| #ifdef STDC_HEADERS
| # include <stdlib.h>
| # include <stddef.h>
| #else
| # ifdef HAVE_STDLIB_H
| #  include <stdlib.h>
| # endif
| #endif
| #ifdef HAVE_STRING_H
| # if !defined STDC_HEADERS && defined HAVE_MEMORY_H
| #  include <memory.h>
| # endif
| # include <string.h>
| #endif
| #ifdef HAVE_STRINGS_H
| # include <strings.h>
| #endif
| #ifdef HAVE_INTTYPES_H
| # include <inttypes.h>
| #endif
| #ifdef HAVE_STDINT_H
| # include <stdint.h>
| #endif
| #ifdef HAVE_UNISTD_H
| # include <unistd.h>
| #endif
| #include <sys/elf_386.h>
configure:17384: result: no
configure:17384: checking sys/elf_386.h presence
configure:17384: gcc -E  conftest.c
conftest.c:30:10: fatal error: sys/elf_386.h: No such file or directory
 #include <sys/elf_386.h>
          ^~~~~~~~~~~~~~~
compilation terminated.
configure:17384: $? = 1
configure: failed program was:
| /* confdefs.h */
| #define PACKAGE_NAME "libdwarf"
| #define PACKAGE_TARNAME "libdwarf"
| #define PACKAGE_VERSION "20190112"
| #define PACKAGE_STRING "libdwarf 20190112"
| #define PACKAGE_BUGREPORT "libdwarf-list -at- linuxmail -dot- org"
| #define PACKAGE_URL ""
| #define PACKAGE "libdwarf"
| #define VERSION "20190112"
| #define STDC_HEADERS 1
| #define HAVE_SYS_TYPES_H 1
| #define HAVE_SYS_STAT_H 1
| #define HAVE_STDLIB_H 1
| #define HAVE_STRING_H 1
| #define HAVE_MEMORY_H 1
| #define HAVE_STRINGS_H 1
| #define HAVE_INTTYPES_H 1
| #define HAVE_STDINT_H 1
| #define HAVE_UNISTD_H 1
| #define HAVE_DLFCN_H 1
| #define LT_OBJDIR ".libs/"
| #define HAVE_UNISTD_H 1
| #define HAVE_SYS_TYPES_H 1
| #define HAVE_REGEX_H 1
| #define HAVE_MALLOC_H 1
| #define HAVE_LIBELF_H 1
| #define HAVE_ZLIB_H 1
| #define HAVE_ELF_H 1
| /* end confdefs.h.  */
| #include <sys/elf_386.h>
configure:17384: result: no
configure:17384: checking for sys/elf_386.h
configure:17384: result: no
configure:17384: checking sys/elf_amd64.h usability
configure:17384: gcc -c -g -I/home/chenfeiyu/firesim-run/target-design/chipyard/riscv-tools-install/include  conftest.c >&5
conftest.c:63:10: fatal error: sys/elf_amd64.h: No such file or directory
 #include <sys/elf_amd64.h>
          ^~~~~~~~~~~~~~~~~
compilation terminated.
configure:17384: $? = 1
configure: failed program was:
| /* confdefs.h */
| #define PACKAGE_NAME "libdwarf"
| #define PACKAGE_TARNAME "libdwarf"
| #define PACKAGE_VERSION "20190112"
| #define PACKAGE_STRING "libdwarf 20190112"
| #define PACKAGE_BUGREPORT "libdwarf-list -at- linuxmail -dot- org"
| #define PACKAGE_URL ""
| #define PACKAGE "libdwarf"
| #define VERSION "20190112"
| #define STDC_HEADERS 1
| #define HAVE_SYS_TYPES_H 1
| #define HAVE_SYS_STAT_H 1
| #define HAVE_STDLIB_H 1
| #define HAVE_STRING_H 1
| #define HAVE_MEMORY_H 1
| #define HAVE_STRINGS_H 1
| #define HAVE_INTTYPES_H 1
| #define HAVE_STDINT_H 1
| #define HAVE_UNISTD_H 1
| #define HAVE_DLFCN_H 1
| #define LT_OBJDIR ".libs/"
| #define HAVE_UNISTD_H 1
| #define HAVE_SYS_TYPES_H 1
| #define HAVE_REGEX_H 1
| #define HAVE_MALLOC_H 1
| #define HAVE_LIBELF_H 1
| #define HAVE_ZLIB_H 1
| #define HAVE_ELF_H 1
| /* end confdefs.h.  */
| #include <stdio.h>
| #ifdef HAVE_SYS_TYPES_H
| # include <sys/types.h>
| #endif
| #ifdef HAVE_SYS_STAT_H
| # include <sys/stat.h>
| #endif
| #ifdef STDC_HEADERS
| # include <stdlib.h>
| # include <stddef.h>
| #else
| # ifdef HAVE_STDLIB_H
| #  include <stdlib.h>
| # endif
| #endif
| #ifdef HAVE_STRING_H
| # if !defined STDC_HEADERS && defined HAVE_MEMORY_H
| #  include <memory.h>
| # endif
| # include <string.h>
| #endif
| #ifdef HAVE_STRINGS_H
| # include <strings.h>
| #endif
| #ifdef HAVE_INTTYPES_H
| # include <inttypes.h>
| #endif
| #ifdef HAVE_STDINT_H
| # include <stdint.h>
| #endif
| #ifdef HAVE_UNISTD_H
| # include <unistd.h>
| #endif
| #include <sys/elf_amd64.h>
configure:17384: result: no
configure:17384: checking sys/elf_amd64.h presence
configure:17384: gcc -E  conftest.c
conftest.c:30:10: fatal error: sys/elf_amd64.h: No such file or directory
 #include <sys/elf_amd64.h>
          ^~~~~~~~~~~~~~~~~
compilation terminated.
configure:17384: $? = 1
configure: failed program was:
| /* confdefs.h */
| #define PACKAGE_NAME "libdwarf"
| #define PACKAGE_TARNAME "libdwarf"
| #define PACKAGE_VERSION "20190112"
| #define PACKAGE_STRING "libdwarf 20190112"
| #define PACKAGE_BUGREPORT "libdwarf-list -at- linuxmail -dot- org"
| #define PACKAGE_URL ""
| #define PACKAGE "libdwarf"
| #define VERSION "20190112"
| #define STDC_HEADERS 1
| #define HAVE_SYS_TYPES_H 1
| #define HAVE_SYS_STAT_H 1
| #define HAVE_STDLIB_H 1
| #define HAVE_STRING_H 1
| #define HAVE_MEMORY_H 1
| #define HAVE_STRINGS_H 1
| #define HAVE_INTTYPES_H 1
| #define HAVE_STDINT_H 1
| #define HAVE_UNISTD_H 1
| #define HAVE_DLFCN_H 1
| #define LT_OBJDIR ".libs/"
| #define HAVE_UNISTD_H 1
| #define HAVE_SYS_TYPES_H 1
| #define HAVE_REGEX_H 1
| #define HAVE_MALLOC_H 1
| #define HAVE_LIBELF_H 1
| #define HAVE_ZLIB_H 1
| #define HAVE_ELF_H 1
| /* end confdefs.h.  */
| #include <sys/elf_amd64.h>
configure:17384: result: no
configure:17384: checking for sys/elf_amd64.h
configure:17384: result: no
configure:17384: checking sys/elf_SPARC.h usability
configure:17384: gcc -c -g -I/home/chenfeiyu/firesim-run/target-design/chipyard/riscv-tools-install/include  conftest.c >&5
conftest.c:63:10: fatal error: sys/elf_SPARC.h: No such file or directory
 #include <sys/elf_SPARC.h>
          ^~~~~~~~~~~~~~~~~
compilation terminated.
configure:17384: $? = 1
configure: failed program was:
| /* confdefs.h */
| #define PACKAGE_NAME "libdwarf"
| #define PACKAGE_TARNAME "libdwarf"
| #define PACKAGE_VERSION "20190112"
| #define PACKAGE_STRING "libdwarf 20190112"
| #define PACKAGE_BUGREPORT "libdwarf-list -at- linuxmail -dot- org"
| #define PACKAGE_URL ""
| #define PACKAGE "libdwarf"
| #define VERSION "20190112"
| #define STDC_HEADERS 1
| #define HAVE_SYS_TYPES_H 1
| #define HAVE_SYS_STAT_H 1
| #define HAVE_STDLIB_H 1
| #define HAVE_STRING_H 1
| #define HAVE_MEMORY_H 1
| #define HAVE_STRINGS_H 1
| #define HAVE_INTTYPES_H 1
| #define HAVE_STDINT_H 1
| #define HAVE_UNISTD_H 1
| #define HAVE_DLFCN_H 1
| #define LT_OBJDIR ".libs/"
| #define HAVE_UNISTD_H 1
| #define HAVE_SYS_TYPES_H 1
| #define HAVE_REGEX_H 1
| #define HAVE_MALLOC_H 1
| #define HAVE_LIBELF_H 1
| #define HAVE_ZLIB_H 1
| #define HAVE_ELF_H 1
| /* end confdefs.h.  */
| #include <stdio.h>
| #ifdef HAVE_SYS_TYPES_H
| # include <sys/types.h>
| #endif
| #ifdef HAVE_SYS_STAT_H
| # include <sys/stat.h>
| #endif
| #ifdef STDC_HEADERS
| # include <stdlib.h>
| # include <stddef.h>
| #else
| # ifdef HAVE_STDLIB_H
| #  include <stdlib.h>
| # endif
| #endif
| #ifdef HAVE_STRING_H
| # if !defined STDC_HEADERS && defined HAVE_MEMORY_H
| #  include <memory.h>
| # endif
| # include <string.h>
| #endif
| #ifdef HAVE_STRINGS_H
| # include <strings.h>
| #endif
| #ifdef HAVE_INTTYPES_H
| # include <inttypes.h>
| #endif
| #ifdef HAVE_STDINT_H
| # include <stdint.h>
| #endif
| #ifdef HAVE_UNISTD_H
| # include <unistd.h>
| #endif
| #include <sys/elf_SPARC.h>
configure:17384: result: no
configure:17384: checking sys/elf_SPARC.h presence
configure:17384: gcc -E  conftest.c
conftest.c:30:10: fatal error: sys/elf_SPARC.h: No such file or directory
 #include <sys/elf_SPARC.h>
          ^~~~~~~~~~~~~~~~~
compilation terminated.
configure:17384: $? = 1
configure: failed program was:
| /* confdefs.h */
| #define PACKAGE_NAME "libdwarf"
| #define PACKAGE_TARNAME "libdwarf"
| #define PACKAGE_VERSION "20190112"
| #define PACKAGE_STRING "libdwarf 20190112"
| #define PACKAGE_BUGREPORT "libdwarf-list -at- linuxmail -dot- org"
| #define PACKAGE_URL ""
| #define PACKAGE "libdwarf"
| #define VERSION "20190112"
| #define STDC_HEADERS 1
| #define HAVE_SYS_TYPES_H 1
| #define HAVE_SYS_STAT_H 1
| #define HAVE_STDLIB_H 1
| #define HAVE_STRING_H 1
| #define HAVE_MEMORY_H 1
| #define HAVE_STRINGS_H 1
| #define HAVE_INTTYPES_H 1
| #define HAVE_STDINT_H 1
| #define HAVE_UNISTD_H 1
| #define HAVE_DLFCN_H 1
| #define LT_OBJDIR ".libs/"
| #define HAVE_UNISTD_H 1
| #define HAVE_SYS_TYPES_H 1
| #define HAVE_REGEX_H 1
| #define HAVE_MALLOC_H 1
| #define HAVE_LIBELF_H 1
| #define HAVE_ZLIB_H 1
| #define HAVE_ELF_H 1
| /* end confdefs.h.  */
| #include <sys/elf_SPARC.h>
configure:17384: result: no
configure:17384: checking for sys/elf_SPARC.h
configure:17384: result: no
configure:17384: checking sys/ia64/elf.h usability
configure:17384: gcc -c -g -I/home/chenfeiyu/firesim-run/target-design/chipyard/riscv-tools-install/include  conftest.c >&5
conftest.c:63:10: fatal error: sys/ia64/elf.h: No such file or directory
 #include <sys/ia64/elf.h>
          ^~~~~~~~~~~~~~~~
compilation terminated.
configure:17384: $? = 1
configure: failed program was:
| /* confdefs.h */
| #define PACKAGE_NAME "libdwarf"
| #define PACKAGE_TARNAME "libdwarf"
| #define PACKAGE_VERSION "20190112"
| #define PACKAGE_STRING "libdwarf 20190112"
| #define PACKAGE_BUGREPORT "libdwarf-list -at- linuxmail -dot- org"
| #define PACKAGE_URL ""
| #define PACKAGE "libdwarf"
| #define VERSION "20190112"
| #define STDC_HEADERS 1
| #define HAVE_SYS_TYPES_H 1
| #define HAVE_SYS_STAT_H 1
| #define HAVE_STDLIB_H 1
| #define HAVE_STRING_H 1
| #define HAVE_MEMORY_H 1
| #define HAVE_STRINGS_H 1
| #define HAVE_INTTYPES_H 1
| #define HAVE_STDINT_H 1
| #define HAVE_UNISTD_H 1
| #define HAVE_DLFCN_H 1
| #define LT_OBJDIR ".libs/"
| #define HAVE_UNISTD_H 1
| #define HAVE_SYS_TYPES_H 1
| #define HAVE_REGEX_H 1
| #define HAVE_MALLOC_H 1
| #define HAVE_LIBELF_H 1
| #define HAVE_ZLIB_H 1
| #define HAVE_ELF_H 1
| /* end confdefs.h.  */
| #include <stdio.h>
| #ifdef HAVE_SYS_TYPES_H
| # include <sys/types.h>
| #endif
| #ifdef HAVE_SYS_STAT_H
| # include <sys/stat.h>
| #endif
| #ifdef STDC_HEADERS
| # include <stdlib.h>
| # include <stddef.h>
| #else
| # ifdef HAVE_STDLIB_H
| #  include <stdlib.h>
| # endif
| #endif
| #ifdef HAVE_STRING_H
| # if !defined STDC_HEADERS && defined HAVE_MEMORY_H
| #  include <memory.h>
| # endif
| # include <string.h>
| #endif
| #ifdef HAVE_STRINGS_H
| # include <strings.h>
| #endif
| #ifdef HAVE_INTTYPES_H
| # include <inttypes.h>
| #endif
| #ifdef HAVE_STDINT_H
| # include <stdint.h>
| #endif
| #ifdef HAVE_UNISTD_H
| # include <unistd.h>
| #endif
| #include <sys/ia64/elf.h>
configure:17384: result: no
configure:17384: checking sys/ia64/elf.h presence
configure:17384: gcc -E  conftest.c
conftest.c:30:10: fatal error: sys/ia64/elf.h: No such file or directory
 #include <sys/ia64/elf.h>
          ^~~~~~~~~~~~~~~~
compilation terminated.
configure:17384: $? = 1
configure: failed program was:
| /* confdefs.h */
| #define PACKAGE_NAME "libdwarf"
| #define PACKAGE_TARNAME "libdwarf"
| #define PACKAGE_VERSION "20190112"
| #define PACKAGE_STRING "libdwarf 20190112"
| #define PACKAGE_BUGREPORT "libdwarf-list -at- linuxmail -dot- org"
| #define PACKAGE_URL ""
| #define PACKAGE "libdwarf"
| #define VERSION "20190112"
| #define STDC_HEADERS 1
| #define HAVE_SYS_TYPES_H 1
| #define HAVE_SYS_STAT_H 1
| #define HAVE_STDLIB_H 1
| #define HAVE_STRING_H 1
| #define HAVE_MEMORY_H 1
| #define HAVE_STRINGS_H 1
| #define HAVE_INTTYPES_H 1
| #define HAVE_STDINT_H 1
| #define HAVE_UNISTD_H 1
| #define HAVE_DLFCN_H 1
| #define LT_OBJDIR ".libs/"
| #define HAVE_UNISTD_H 1
| #define HAVE_SYS_TYPES_H 1
| #define HAVE_REGEX_H 1
| #define HAVE_MALLOC_H 1
| #define HAVE_LIBELF_H 1
| #define HAVE_ZLIB_H 1
| #define HAVE_ELF_H 1
| /* end confdefs.h.  */
| #include <sys/ia64/elf.h>
configure:17384: result: no
configure:17384: checking for sys/ia64/elf.h
configure:17384: result: no
configure:17431: gcc -c -g -I/home/chenfeiyu/firesim-run/target-design/chipyard/riscv-tools-install/include  conftest.c >&5
conftest.c: In function 'main':
conftest.c:36:1: error: unknown type name '__uint32_t'; did you mean '__uint128_t'?
 __uint32_t p = 2;
 ^~~~~~~~~~
 __uint128_t
configure:17431: $? = 1
configure: failed program was:
| /* confdefs.h */
| #define PACKAGE_NAME "libdwarf"
| #define PACKAGE_TARNAME "libdwarf"
| #define PACKAGE_VERSION "20190112"
| #define PACKAGE_STRING "libdwarf 20190112"
| #define PACKAGE_BUGREPORT "libdwarf-list -at- linuxmail -dot- org"
| #define PACKAGE_URL ""
| #define PACKAGE "libdwarf"
| #define VERSION "20190112"
| #define STDC_HEADERS 1
| #define HAVE_SYS_TYPES_H 1
| #define HAVE_SYS_STAT_H 1
| #define HAVE_STDLIB_H 1
| #define HAVE_STRING_H 1
| #define HAVE_MEMORY_H 1
| #define HAVE_STRINGS_H 1
| #define HAVE_INTTYPES_H 1
| #define HAVE_STDINT_H 1
| #define HAVE_UNISTD_H 1
| #define HAVE_DLFCN_H 1
| #define LT_OBJDIR ".libs/"
| #define HAVE_UNISTD_H 1
| #define HAVE_SYS_TYPES_H 1
| #define HAVE_REGEX_H 1
| #define HAVE_MALLOC_H 1
| #define HAVE_LIBELF_H 1
| #define HAVE_ZLIB_H 1
| #define HAVE_ELF_H 1
| /* end confdefs.h.  */
| 
| 
| int
| main ()
| {
| 
| __uint32_t p = 2;
| 
|   ;
|   return 0;
| }
| 
configure:17443: checking for __uint32_t is defined by the OS
configure:17445: result: no
configure:17468: gcc -c -g -I/home/chenfeiyu/firesim-run/target-design/chipyard/riscv-tools-install/include  conftest.c >&5
configure:17468: $? = 0
configure:17480: checking for __uint32_t in sys/types.h
configure:17482: result: yes
configure:17542: gcc -c -g -I/home/chenfeiyu/firesim-run/target-design/chipyard/riscv-tools-install/include  conftest.c >&5
conftest.c: In function 'main':
conftest.c:37:1: error: unknown type name '__uint64_t'; did you mean '__uint128_t'?
 __uint64_t p = 2;
 ^~~~~~~~~~
 __uint128_t
configure:17542: $? = 1
configure: failed program was:
| /* confdefs.h */
| #define PACKAGE_NAME "libdwarf"
| #define PACKAGE_TARNAME "libdwarf"
| #define PACKAGE_VERSION "20190112"
| #define PACKAGE_STRING "libdwarf 20190112"
| #define PACKAGE_BUGREPORT "libdwarf-list -at- linuxmail -dot- org"
| #define PACKAGE_URL ""
| #define PACKAGE "libdwarf"
| #define VERSION "20190112"
| #define STDC_HEADERS 1
| #define HAVE_SYS_TYPES_H 1
| #define HAVE_SYS_STAT_H 1
| #define HAVE_STDLIB_H 1
| #define HAVE_STRING_H 1
| #define HAVE_MEMORY_H 1
| #define HAVE_STRINGS_H 1
| #define HAVE_INTTYPES_H 1
| #define HAVE_STDINT_H 1
| #define HAVE_UNISTD_H 1
| #define HAVE_DLFCN_H 1
| #define LT_OBJDIR ".libs/"
| #define HAVE_UNISTD_H 1
| #define HAVE_SYS_TYPES_H 1
| #define HAVE_REGEX_H 1
| #define HAVE_MALLOC_H 1
| #define HAVE_LIBELF_H 1
| #define HAVE_ZLIB_H 1
| #define HAVE_ELF_H 1
| #define HAVE___UINT32_T_IN_SYS_TYPES_H 1
| /* end confdefs.h.  */
| 
| 
| int
| main ()
| {
| 
| __uint64_t p = 2;
| 
|   ;
|   return 0;
| }
| 
configure:17554: checking for __uint64_t is defined by the OS
configure:17556: result: no
configure:17579: gcc -c -g -I/home/chenfeiyu/firesim-run/target-design/chipyard/riscv-tools-install/include  conftest.c >&5
configure:17579: $? = 0
configure:17591: checking for __uint64_t in sys/types.h
configure:17593: result: yes
configure:17662: gcc -o conftest -g -I/home/chenfeiyu/firesim-run/target-design/chipyard/riscv-tools-install/include  -L/home/chenfeiyu/firesim-run/target-design/chipyard/riscv-tools-install/lib conftest.c  >&5
configure:17662: $? = 0
configure:17720: checking for Elf64_Rela in elf.h
configure:17722: result: yes
configure:17751: gcc -o conftest -g -I/home/chenfeiyu/firesim-run/target-design/chipyard/riscv-tools-install/include  -L/home/chenfeiyu/firesim-run/target-design/chipyard/riscv-tools-install/lib conftest.c  >&5
configure:17751: $? = 0
configure:17809: checking for Elf64_Rel in elf.h
configure:17811: result: yes
configure:17840: gcc -o conftest -g -I/home/chenfeiyu/firesim-run/target-design/chipyard/riscv-tools-install/include  -L/home/chenfeiyu/firesim-run/target-design/chipyard/riscv-tools-install/lib conftest.c  >&5
configure:17840: $? = 0
configure:17898: checking for Elf64_Sym in elf.h
configure:17900: result: yes
configure:17931: gcc -c -g -I/home/chenfeiyu/firesim-run/target-design/chipyard/riscv-tools-install/include  conftest.c >&5
conftest.c:44:21: error: conflicting types for 'Elf'
 typedef struct _Elf Elf;
                     ^~~
In file included from conftest.c:37:
/home/chenfeiyu/firesim-run/target-design/chipyard/riscv-tools-install/include/libelf.h:216:20: note: previous declaration of 'Elf' was here
 typedef struct Elf Elf;
                    ^~~
configure:17931: $? = 1
configure: failed program was:
| /* confdefs.h */
| #define PACKAGE_NAME "libdwarf"
| #define PACKAGE_TARNAME "libdwarf"
| #define PACKAGE_VERSION "20190112"
| #define PACKAGE_STRING "libdwarf 20190112"
| #define PACKAGE_BUGREPORT "libdwarf-list -at- linuxmail -dot- org"
| #define PACKAGE_URL ""
| #define PACKAGE "libdwarf"
| #define VERSION "20190112"
| #define STDC_HEADERS 1
| #define HAVE_SYS_TYPES_H 1
| #define HAVE_SYS_STAT_H 1
| #define HAVE_STDLIB_H 1
| #define HAVE_STRING_H 1
| #define HAVE_MEMORY_H 1
| #define HAVE_STRINGS_H 1
| #define HAVE_INTTYPES_H 1
| #define HAVE_STDINT_H 1
| #define HAVE_UNISTD_H 1
| #define HAVE_DLFCN_H 1
| #define LT_OBJDIR ".libs/"
| #define HAVE_UNISTD_H 1
| #define HAVE_SYS_TYPES_H 1
| #define HAVE_REGEX_H 1
| #define HAVE_MALLOC_H 1
| #define HAVE_LIBELF_H 1
| #define HAVE_ZLIB_H 1
| #define HAVE_ELF_H 1
| #define HAVE___UINT32_T_IN_SYS_TYPES_H 1
| #define HAVE___UINT64_T_IN_SYS_TYPES_H 1
| #define HAVE_ELF64_RELA 1
| #define HAVE_ELF64_R_INFO 1
| #define HAVE_ELF64_SYM 1
| /* end confdefs.h.  */
| 
| #ifdef HAVE_LIBELF_H
| # include <libelf.h>
| #endif
| #ifdef HAVE_LIBELF_LIBELF_H
| # include <libelf/libelf.h>
| #endif
| /* This must be at global scope */
| struct _Elf;
| typedef struct _Elf Elf;
| 
| int
| main ()
| {
| 
| struct _Elf *a = 0;
| 
|   ;
|   return 0;
| }
| 
configure:17944: checking whether struct _Elf is used
configure:17946: result: no
configure:17954: checking whether byte ordering is bigendian
configure:17969: gcc -c -g -I/home/chenfeiyu/firesim-run/target-design/chipyard/riscv-tools-install/include  conftest.c >&5
conftest.c:36:9: error: unknown type name 'not'
         not a universal capable compiler
         ^~~
conftest.c:36:15: error: expected '=', ',', ';', 'asm' or '__attribute__' before 'universal'
         not a universal capable compiler
               ^~~~~~~~~
conftest.c:36:15: error: unknown type name 'universal'
configure:17969: $? = 1
configure: failed program was:
| /* confdefs.h */
| #define PACKAGE_NAME "libdwarf"
| #define PACKAGE_TARNAME "libdwarf"
| #define PACKAGE_VERSION "20190112"
| #define PACKAGE_STRING "libdwarf 20190112"
| #define PACKAGE_BUGREPORT "libdwarf-list -at- linuxmail -dot- org"
| #define PACKAGE_URL ""
| #define PACKAGE "libdwarf"
| #define VERSION "20190112"
| #define STDC_HEADERS 1
| #define HAVE_SYS_TYPES_H 1
| #define HAVE_SYS_STAT_H 1
| #define HAVE_STDLIB_H 1
| #define HAVE_STRING_H 1
| #define HAVE_MEMORY_H 1
| #define HAVE_STRINGS_H 1
| #define HAVE_INTTYPES_H 1
| #define HAVE_STDINT_H 1
| #define HAVE_UNISTD_H 1
| #define HAVE_DLFCN_H 1
| #define LT_OBJDIR ".libs/"
| #define HAVE_UNISTD_H 1
| #define HAVE_SYS_TYPES_H 1
| #define HAVE_REGEX_H 1
| #define HAVE_MALLOC_H 1
| #define HAVE_LIBELF_H 1
| #define HAVE_ZLIB_H 1
| #define HAVE_ELF_H 1
| #define HAVE___UINT32_T_IN_SYS_TYPES_H 1
| #define HAVE___UINT64_T_IN_SYS_TYPES_H 1
| #define HAVE_ELF64_RELA 1
| #define HAVE_ELF64_R_INFO 1
| #define HAVE_ELF64_SYM 1
| /* end confdefs.h.  */
| #ifndef __APPLE_CC__
| 	       not a universal capable compiler
| 	     #endif
| 	     typedef int dummy;
| 
configure:18014: gcc -c -g -I/home/chenfeiyu/firesim-run/target-design/chipyard/riscv-tools-install/include  conftest.c >&5
configure:18014: $? = 0
configure:18032: gcc -c -g -I/home/chenfeiyu/firesim-run/target-design/chipyard/riscv-tools-install/include  conftest.c >&5
conftest.c: In function 'main':
conftest.c:42:4: error: unknown type name 'not'; did you mean 'ino_t'?
    not big endian
    ^~~
    ino_t
conftest.c:42:12: error: expected '=', ',', ';', 'asm' or '__attribute__' before 'endian'
    not big endian
            ^~~~~~
configure:18032: $? = 1
configure: failed program was:
| /* confdefs.h */
| #define PACKAGE_NAME "libdwarf"
| #define PACKAGE_TARNAME "libdwarf"
| #define PACKAGE_VERSION "20190112"
| #define PACKAGE_STRING "libdwarf 20190112"
| #define PACKAGE_BUGREPORT "libdwarf-list -at- linuxmail -dot- org"
| #define PACKAGE_URL ""
| #define PACKAGE "libdwarf"
| #define VERSION "20190112"
| #define STDC_HEADERS 1
| #define HAVE_SYS_TYPES_H 1
| #define HAVE_SYS_STAT_H 1
| #define HAVE_STDLIB_H 1
| #define HAVE_STRING_H 1
| #define HAVE_MEMORY_H 1
| #define HAVE_STRINGS_H 1
| #define HAVE_INTTYPES_H 1
| #define HAVE_STDINT_H 1
| #define HAVE_UNISTD_H 1
| #define HAVE_DLFCN_H 1
| #define LT_OBJDIR ".libs/"
| #define HAVE_UNISTD_H 1
| #define HAVE_SYS_TYPES_H 1
| #define HAVE_REGEX_H 1
| #define HAVE_MALLOC_H 1
| #define HAVE_LIBELF_H 1
| #define HAVE_ZLIB_H 1
| #define HAVE_ELF_H 1
| #define HAVE___UINT32_T_IN_SYS_TYPES_H 1
| #define HAVE___UINT64_T_IN_SYS_TYPES_H 1
| #define HAVE_ELF64_RELA 1
| #define HAVE_ELF64_R_INFO 1
| #define HAVE_ELF64_SYM 1
| /* end confdefs.h.  */
| #include <sys/types.h>
| 		#include <sys/param.h>
| 
| int
| main ()
| {
| #if BYTE_ORDER != BIG_ENDIAN
| 		 not big endian
| 		#endif
| 
|   ;
|   return 0;
| }
configure:18160: result: no
configure:18209: checking whether the C++ compiler supports 
configure:18222: g++ -c -g -O2   conftest.cpp >&5
configure:18222: $? = 0
configure:18228: result: yes
configure:18304: checking whether the C compiler supports 
configure:18317: gcc -c -g -I/home/chenfeiyu/firesim-run/target-design/chipyard/riscv-tools-install/include   conftest.c >&5
configure:18317: $? = 0
configure:18323: result: yes
configure:18412: gcc -c -g -I/home/chenfeiyu/firesim-run/target-design/chipyard/riscv-tools-install/include  conftest.c >&5
configure:18412: $? = 0
configure:18424: checking whether "unused" attribute is available
configure:18426: result: yes
configure:18461: checking whether sanitize options are used
configure:18463: result: no
configure:18472: checking for size_t
configure:18472: gcc -c -g -I/home/chenfeiyu/firesim-run/target-design/chipyard/riscv-tools-install/include  conftest.c >&5
configure:18472: $? = 0
configure:18472: gcc -c -g -I/home/chenfeiyu/firesim-run/target-design/chipyard/riscv-tools-install/include  conftest.c >&5
conftest.c: In function 'main':
conftest.c:72:21: error: expected expression before ')' token
 if (sizeof ((size_t)))
                     ^
configure:18472: $? = 1
configure: failed program was:
| /* confdefs.h */
| #define PACKAGE_NAME "libdwarf"
| #define PACKAGE_TARNAME "libdwarf"
| #define PACKAGE_VERSION "20190112"
| #define PACKAGE_STRING "libdwarf 20190112"
| #define PACKAGE_BUGREPORT "libdwarf-list -at- linuxmail -dot- org"
| #define PACKAGE_URL ""
| #define PACKAGE "libdwarf"
| #define VERSION "20190112"
| #define STDC_HEADERS 1
| #define HAVE_SYS_TYPES_H 1
| #define HAVE_SYS_STAT_H 1
| #define HAVE_STDLIB_H 1
| #define HAVE_STRING_H 1
| #define HAVE_MEMORY_H 1
| #define HAVE_STRINGS_H 1
| #define HAVE_INTTYPES_H 1
| #define HAVE_STDINT_H 1
| #define HAVE_UNISTD_H 1
| #define HAVE_DLFCN_H 1
| #define LT_OBJDIR ".libs/"
| #define HAVE_UNISTD_H 1
| #define HAVE_SYS_TYPES_H 1
| #define HAVE_REGEX_H 1
| #define HAVE_MALLOC_H 1
| #define HAVE_LIBELF_H 1
| #define HAVE_ZLIB_H 1
| #define HAVE_ELF_H 1
| #define HAVE___UINT32_T_IN_SYS_TYPES_H 1
| #define HAVE___UINT64_T_IN_SYS_TYPES_H 1
| #define HAVE_ELF64_RELA 1
| #define HAVE_ELF64_R_INFO 1
| #define HAVE_ELF64_SYM 1
| #define HAVE_UNUSED_ATTRIBUTE 1
| /* end confdefs.h.  */
| #include <stdio.h>
| #ifdef HAVE_SYS_TYPES_H
| # include <sys/types.h>
| #endif
| #ifdef HAVE_SYS_STAT_H
| # include <sys/stat.h>
| #endif
| #ifdef STDC_HEADERS
| # include <stdlib.h>
| # include <stddef.h>
| #else
| # ifdef HAVE_STDLIB_H
| #  include <stdlib.h>
| # endif
| #endif
| #ifdef HAVE_STRING_H
| # if !defined STDC_HEADERS && defined HAVE_MEMORY_H
| #  include <memory.h>
| # endif
| # include <string.h>
| #endif
| #ifdef HAVE_STRINGS_H
| # include <strings.h>
| #endif
| #ifdef HAVE_INTTYPES_H
| # include <inttypes.h>
| #endif
| #ifdef HAVE_STDINT_H
| # include <stdint.h>
| #endif
| #ifdef HAVE_UNISTD_H
| # include <unistd.h>
| #endif
| int
| main ()
| {
| if (sizeof ((size_t)))
| 	    return 0;
|   ;
|   return 0;
| }
configure:18472: result: yes
configure:18485: checking for working alloca.h
configure:18502: gcc -o conftest -g -I/home/chenfeiyu/firesim-run/target-design/chipyard/riscv-tools-install/include  -L/home/chenfeiyu/firesim-run/target-design/chipyard/riscv-tools-install/lib conftest.c  >&5
configure:18502: $? = 0
configure:18510: result: yes
configure:18518: checking for alloca
configure:18555: gcc -o conftest -g -I/home/chenfeiyu/firesim-run/target-design/chipyard/riscv-tools-install/include  -L/home/chenfeiyu/firesim-run/target-design/chipyard/riscv-tools-install/lib conftest.c  >&5
configure:18555: $? = 0
configure:18563: result: yes
configure:18675: checking for library containing elf64_getehdr
configure:18706: gcc -o conftest -g -I/home/chenfeiyu/firesim-run/target-design/chipyard/riscv-tools-install/include  -L/home/chenfeiyu/firesim-run/target-design/chipyard/riscv-tools-install/lib conftest.c   -lelf -lz >&5
configure:18706: $? = 0
configure:18723: result: none required
configure:18738: checking for library containing elf64_getshdr
configure:18769: gcc -o conftest -g -I/home/chenfeiyu/firesim-run/target-design/chipyard/riscv-tools-install/include  -L/home/chenfeiyu/firesim-run/target-design/chipyard/riscv-tools-install/lib conftest.c   -lelf -lz >&5
configure:18769: $? = 0
configure:18786: result: none required
configure:18902: gcc -c -g -I/home/chenfeiyu/firesim-run/target-design/chipyard/riscv-tools-install/include  conftest.c >&5
configure:18902: $? = 0
configure:18914: checking for regex library
configure:18916: result: yes
configure:19051: checking that generated files are newer than configure
configure:19057: result: done
configure:19085: creating ./config.status

## ---------------------- ##
## Running config.status. ##
## ---------------------- ##

This file was extended by libdwarf config.status 20190112, which was
generated by GNU Autoconf 2.69.  Invocation command line was

  CONFIG_FILES    = 
  CONFIG_HEADERS  = 
  CONFIG_LINKS    = 
  CONFIG_COMMANDS = 
  $ ./config.status 

on ict-RH2288H-V3

config.status:1188: creating Makefile
config.status:1188: creating libdwarf/Makefile
config.status:1188: creating dwarfdump/Makefile
config.status:1188: creating dwarfgen/Makefile
config.status:1188: creating dwarfexample/Makefile
config.status:1188: creating config.h
config.status:1369: config.h is unchanged
config.status:1417: executing depfiles commands
config.status:1417: executing libtool commands
config.status:1417: executing libdwarf/libdwarf.h commands

## ---------------- ##
## Cache variables. ##
## ---------------- ##

ac_cv_build=x86_64-pc-linux-gnu
ac_cv_c_bigendian=no
ac_cv_c_compiler_gnu=yes
ac_cv_cxx_compiler_gnu=yes
ac_cv_env_CCC_set=
ac_cv_env_CCC_value=
ac_cv_env_CC_set=
ac_cv_env_CC_value=
ac_cv_env_CFLAGS_set=set
ac_cv_env_CFLAGS_value='-g -I/home/chenfeiyu/firesim-run/target-design/chipyard/riscv-tools-install/include'
ac_cv_env_CPPFLAGS_set=
ac_cv_env_CPPFLAGS_value=
ac_cv_env_CPP_set=
ac_cv_env_CPP_value=
ac_cv_env_CXXCPP_set=
ac_cv_env_CXXCPP_value=
ac_cv_env_CXXFLAGS_set=
ac_cv_env_CXXFLAGS_value=
ac_cv_env_CXX_set=
ac_cv_env_CXX_value=
ac_cv_env_DWARF_LIBS_set=
ac_cv_env_DWARF_LIBS_value=
ac_cv_env_LDFLAGS_set=set
ac_cv_env_LDFLAGS_value=-L/home/chenfeiyu/firesim-run/target-design/chipyard/riscv-tools-install/lib
ac_cv_env_LIBS_set=
ac_cv_env_LIBS_value=
ac_cv_env_LT_SYS_LIBRARY_PATH_set=
ac_cv_env_LT_SYS_LIBRARY_PATH_value=
ac_cv_env_build_alias_set=
ac_cv_env_build_alias_value=
ac_cv_env_host_alias_set=
ac_cv_env_host_alias_value=
ac_cv_env_target_alias_set=
ac_cv_env_target_alias_value=
ac_cv_func_alloca_works=yes
ac_cv_header_dlfcn_h=yes
ac_cv_header_elf_h=yes
ac_cv_header_elfaccess_h=no
ac_cv_header_inttypes_h=yes
ac_cv_header_libelf_h=yes
ac_cv_header_libelf_libelf_h=no
ac_cv_header_malloc_h=yes
ac_cv_header_memory_h=yes
ac_cv_header_regex_h=yes
ac_cv_header_sgidefs_h=no
ac_cv_header_stdc=yes
ac_cv_header_stdint_h=yes
ac_cv_header_stdlib_h=yes
ac_cv_header_string_h=yes
ac_cv_header_strings_h=yes
ac_cv_header_sys_elf_386_h=no
ac_cv_header_sys_elf_SPARC_h=no
ac_cv_header_sys_elf_amd64_h=no
ac_cv_header_sys_ia64_elf_h=no
ac_cv_header_sys_stat_h=yes
ac_cv_header_sys_types_h=yes
ac_cv_header_unistd_h=yes
ac_cv_header_windows_h=no
ac_cv_header_zlib_h=yes
ac_cv_host=x86_64-pc-linux-gnu
ac_cv_objext=o
ac_cv_path_EGREP='/bin/grep -E'
ac_cv_path_FGREP='/bin/grep -F'
ac_cv_path_GREP=/bin/grep
ac_cv_path_SED=/bin/sed
ac_cv_path_install='/usr/bin/install -c'
ac_cv_path_lt_DD=/bin/dd
ac_cv_path_mkdir=/bin/mkdir
ac_cv_prog_AWK=gawk
ac_cv_prog_CPP='gcc -E'
ac_cv_prog_CXXCPP='g++ -E'
ac_cv_prog_ac_ct_AR=ar
ac_cv_prog_ac_ct_CC=gcc
ac_cv_prog_ac_ct_CXX=g++
ac_cv_prog_ac_ct_MANIFEST_TOOL=mt
ac_cv_prog_ac_ct_OBJDUMP=objdump
ac_cv_prog_ac_ct_RANLIB=ranlib
ac_cv_prog_ac_ct_STRIP=strip
ac_cv_prog_cc_c89=
ac_cv_prog_cc_g=yes
ac_cv_prog_cc_gcc_c_o=yes
ac_cv_prog_cxx_g=yes
ac_cv_prog_make_make_set=yes
ac_cv_search_elf64_getehdr='none required'
ac_cv_search_elf64_getshdr='none required'
ac_cv_type_size_t=yes
ac_cv_working_alloca_h=yes
am_cv_CC_dependencies_compiler_type=gcc3
am_cv_CXX_dependencies_compiler_type=gcc3
am_cv_ar_interface=ar
am_cv_make_support_nested_variables=yes
am_cv_prog_cc_c_o=yes
lt_cv_ar_at_file=@
lt_cv_archive_cmds_need_lc=no
lt_cv_deplibs_check_method=pass_all
lt_cv_file_magic_cmd='$MAGIC_CMD'
lt_cv_file_magic_test_file=
lt_cv_ld_reload_flag=-r
lt_cv_nm_interface='BSD nm'
lt_cv_objdir=.libs
lt_cv_path_LD=/usr/bin/ld
lt_cv_path_LDCXX='/usr/bin/ld -m elf_x86_64'
lt_cv_path_NM='/usr/bin/nm -B'
lt_cv_path_mainfest_tool=no
lt_cv_prog_compiler_c_o=yes
lt_cv_prog_compiler_c_o_CXX=yes
lt_cv_prog_compiler_pic='-fPIC -DPIC'
lt_cv_prog_compiler_pic_CXX='-fPIC -DPIC'
lt_cv_prog_compiler_pic_works=yes
lt_cv_prog_compiler_pic_works_CXX=yes
lt_cv_prog_compiler_rtti_exceptions=no
lt_cv_prog_compiler_static_works=yes
lt_cv_prog_compiler_static_works_CXX=yes
lt_cv_prog_gnu_ld=yes
lt_cv_prog_gnu_ldcxx=yes
lt_cv_sharedlib_from_linklib_cmd='printf %s\n'
lt_cv_shlibpath_overrides_runpath=no
lt_cv_sys_global_symbol_pipe='sed -n -e '\''s/^.*[	 ]\([ABCDGIRSTW][ABCDGIRSTW]*\)[	 ][	 ]*\([_A-Za-z][_A-Za-z0-9]*\)$/\1 \2 \2/p'\'' | sed '\''/ __gnu_lto/d'\'''
lt_cv_sys_global_symbol_to_c_name_address='sed -n -e '\''s/^: \(.*\) .*$/  {"\1", (void *) 0},/p'\'' -e '\''s/^[ABCDGIRSTW][ABCDGIRSTW]* .* \(.*\)$/  {"\1", (void *) \&\1},/p'\'''
lt_cv_sys_global_symbol_to_c_name_address_lib_prefix='sed -n -e '\''s/^: \(.*\) .*$/  {"\1", (void *) 0},/p'\'' -e '\''s/^[ABCDGIRSTW][ABCDGIRSTW]* .* \(lib.*\)$/  {"\1", (void *) \&\1},/p'\'' -e '\''s/^[ABCDGIRSTW][ABCDGIRSTW]* .* \(.*\)$/  {"lib\1", (void *) \&\1},/p'\'''
lt_cv_sys_global_symbol_to_cdecl='sed -n -e '\''s/^T .* \(.*\)$/extern int \1();/p'\'' -e '\''s/^[ABCDGIRSTW][ABCDGIRSTW]* .* \(.*\)$/extern char \1;/p'\'''
lt_cv_sys_global_symbol_to_import=
lt_cv_sys_max_cmd_len=1572864
lt_cv_to_host_file_cmd=func_convert_file_noop
lt_cv_to_tool_file_cmd=func_convert_file_noop
lt_cv_truncate_bin='/bin/dd bs=4096 count=1'

## ----------------- ##
## Output variables. ##
## ----------------- ##

ACLOCAL='${SHELL} /home/chenfeiyu/firesim-run/sim/firesim-lib/src/main/cc/lib/libdwarf/missing aclocal-1.15'
ALLOCA=''
AMDEPBACKSLASH='\'
AMDEP_FALSE='#'
AMDEP_TRUE=''
AMTAR='$${TAR-tar}'
AM_BACKSLASH='\'
AM_DEFAULT_V='$(AM_DEFAULT_VERBOSITY)'
AM_DEFAULT_VERBOSITY='0'
AM_V='$(V)'
AR='ar'
AS='as'
AUTOCONF='${SHELL} /home/chenfeiyu/firesim-run/sim/firesim-lib/src/main/cc/lib/libdwarf/missing autoconf'
AUTOHEADER='${SHELL} /home/chenfeiyu/firesim-run/sim/firesim-lib/src/main/cc/lib/libdwarf/missing autoheader'
AUTOMAKE='${SHELL} /home/chenfeiyu/firesim-run/sim/firesim-lib/src/main/cc/lib/libdwarf/missing automake-1.15'
AWK='gawk'
CC='gcc'
CCDEPMODE='depmode=gcc3'
CFLAGS='-g -I/home/chenfeiyu/firesim-run/target-design/chipyard/riscv-tools-install/include'
CPP='gcc -E'
CPPFLAGS=''
CXX='g++'
CXXCPP='g++ -E'
CXXDEPMODE='depmode=gcc3'
CXXFLAGS='-g -O2'
CYGPATH_W='echo'
DEFS='-DHAVE_CONFIG_H'
DEPDIR='.deps'
DLLTOOL='false'
DSYMUTIL=''
DUMPBIN=''
DWARF_CFLAGS_WARN=' '
DWARF_CXXFLAGS_WARN=' '
DWARF_LIBS=' -lelf -lz'
ECHO_C=''
ECHO_N='-n'
ECHO_T=''
EGREP='/bin/grep -E'
EXEEXT=''
FGREP='/bin/grep -F'
GREP='/bin/grep'
HAVE_DWARFEXAMPLE_FALSE=''
HAVE_DWARFEXAMPLE_TRUE='#'
HAVE_DWARFGEN_FALSE=''
HAVE_DWARFGEN_TRUE='#'
HAVE_WIN32_FALSE=''
HAVE_WIN32_TRUE='#'
INSTALL_DATA='${INSTALL} -m 644'
INSTALL_PROGRAM='${INSTALL}'
INSTALL_SCRIPT='${INSTALL}'
INSTALL_STRIP_PROGRAM='$(install_sh) -c -s'
LD='/usr/bin/ld -m elf_x86_64'
LDFLAGS='-L/home/chenfeiyu/firesim-run/target-design/chipyard/riscv-tools-install/lib'
LIBOBJS=''
LIBS=''
LIBTOOL='$(SHELL) $(top_builddir)/libtool'
LIPO=''
LN_S='ln -s'
LTLIBOBJS=''
LT_SYS_LIBRARY_PATH=''
MAKEINFO='${SHELL} /home/chenfeiyu/firesim-run/sim/firesim-lib/src/main/cc/lib/libdwarf/missing makeinfo'
MANIFEST_TOOL=':'
MKDIR_P='/bin/mkdir -p'
NM='/usr/bin/nm -B'
NMEDIT=''
OBJDUMP='objdump'
OBJEXT='o'
OTOOL64=''
OTOOL=''
PACKAGE='libdwarf'
PACKAGE_BUGREPORT='libdwarf-list -at- linuxmail -dot- org'
PACKAGE_NAME='libdwarf'
PACKAGE_STRING='libdwarf 20190112'
PACKAGE_TARNAME='libdwarf'
PACKAGE_URL=''
PACKAGE_VERSION='20190112'
PATH_SEPARATOR=':'
RANLIB='ranlib'
SED='/bin/sed'
SET_MAKE=''
SHELL='/bin/sh'
STRIP='strip'
VERSION='20190112'
ac_ct_AR='ar'
ac_ct_CC='gcc'
ac_ct_CXX='g++'
ac_ct_DUMPBIN=''
am__EXEEXT_FALSE=''
am__EXEEXT_TRUE='#'
am__fastdepCC_FALSE='#'
am__fastdepCC_TRUE=''
am__fastdepCXX_FALSE='#'
am__fastdepCXX_TRUE=''
am__include='include'
am__isrc=''
am__leading_dot='.'
am__nodep='_no'
am__quote=''
am__tar='$${TAR-tar} chof - "$$tardir"'
am__untar='$${TAR-tar} xf -'
bindir='${exec_prefix}/bin'
build='x86_64-pc-linux-gnu'
build_alias=''
build_cpu='x86_64'
build_os='linux-gnu'
build_vendor='pc'
datadir='${datarootdir}'
datarootdir='${prefix}/share'
docdir='${datarootdir}/doc/${PACKAGE_TARNAME}'
dvidir='${docdir}'
dwarf_namestable='-t'
exec_prefix='${prefix}'
host='x86_64-pc-linux-gnu'
host_alias=''
host_cpu='x86_64'
host_os='linux-gnu'
host_vendor='pc'
htmldir='${docdir}'
includedir='${prefix}/include'
infodir='${datarootdir}/info'
install_sh='${SHELL} /home/chenfeiyu/firesim-run/sim/firesim-lib/src/main/cc/lib/libdwarf/install-sh'
libdir='${exec_prefix}/lib'
libexecdir='${exec_prefix}/libexec'
localedir='${datarootdir}/locale'
localstatedir='${prefix}/var'
mandir='${datarootdir}/man'
mkdir_p='$(MKDIR_P)'
oldincludedir='/usr/include'
pdfdir='${docdir}'
prefix='/home/chenfeiyu/firesim-run/target-design/chipyard/riscv-tools-install'
program_transform_name='s,x,x,'
psdir='${docdir}'
release_info=''
runstatedir='${localstatedir}/run'
sbindir='${exec_prefix}/sbin'
sharedstatedir='${prefix}/com'
struct_elf='struct Elf'
sysconfdir='${prefix}/etc'
target_alias=''
version_info='1:0:0'

## ----------- ##
## confdefs.h. ##
## ----------- ##

/* confdefs.h */
#define PACKAGE_NAME "libdwarf"
#define PACKAGE_TARNAME "libdwarf"
#define PACKAGE_VERSION "20190112"
#define PACKAGE_STRING "libdwarf 20190112"
#define PACKAGE_BUGREPORT "libdwarf-list -at- linuxmail -dot- org"
#define PACKAGE_URL ""
#define PACKAGE "libdwarf"
#define VERSION "20190112"
#define STDC_HEADERS 1
#define HAVE_SYS_TYPES_H 1
#define HAVE_SYS_STAT_H 1
#define HAVE_STDLIB_H 1
#define HAVE_STRING_H 1
#define HAVE_MEMORY_H 1
#define HAVE_STRINGS_H 1
#define HAVE_INTTYPES_H 1
#define HAVE_STDINT_H 1
#define HAVE_UNISTD_H 1
#define HAVE_DLFCN_H 1
#define LT_OBJDIR ".libs/"
#define HAVE_UNISTD_H 1
#define HAVE_SYS_TYPES_H 1
#define HAVE_REGEX_H 1
#define HAVE_MALLOC_H 1
#define HAVE_LIBELF_H 1
#define HAVE_ZLIB_H 1
#define HAVE_ELF_H 1
#define HAVE___UINT32_T_IN_SYS_TYPES_H 1
#define HAVE___UINT64_T_IN_SYS_TYPES_H 1
#define HAVE_ELF64_RELA 1
#define HAVE_ELF64_R_INFO 1
#define HAVE_ELF64_SYM 1
#define HAVE_UNUSED_ATTRIBUTE 1
#define HAVE_ALLOCA_H 1
#define HAVE_ALLOCA 1
#define HAVE_ELF64_GETEHDR 1
#define HAVE_ELF64_GETSHDR 1
#define HAVE_ZLIB 1
#define HAVE_REGEX 1

configure: exit 0
